C51 COMPILER V9.51   AF                                                                    12/26/2016 20:53:56 PAGE 1   


C51 COMPILER V9.51, COMPILATION OF MODULE AF
OBJECT MODULE PLACED IN ..\outputs\AF.obj
COMPILER INVOKED BY: d:\Keil\C51\BIN\C51.EXE ..\lib\AF.c BROWSE INCDIR(..\inc) DEBUG OBJECTEXTEND PRINT(.\AF.lst) TABS(2
                    -) OBJECT(..\outputs\AF.obj)

line level    source

   1          #include <compiler_defs.h>
   2          #include <AF.h>
   3          
   4          //---------------------------OV5640_AF firmware---------------------------//
   5          
   6          //{0x3000, 0x20},
   7          //--->
   8          U8 code OV5640_AF[3933] = {    // SCCB address start from 0x8000 to 0x8f5c
   9          
  10          0x02,  // SCCB address 0x8000
  11          0x0d,
  12          0xf3,
  13          0x02,
  14          0x0a,
  15          0x5f,
  16          0xc2,
  17          0x01,
  18          0x22,
  19          0x22,
  20          0x00,
  21          0x02,
  22          0x0f,
  23          0x31,
  24          0x30,
  25          0x01,
  26          0x03,
  27          0x02,
  28          0x03,
  29          0x09,
  30          0x30,
  31          0x02,
  32          0x03,
  33          0x02,
  34          0x03,
  35          0x09,
  36          0x90,
  37          0x51,
  38          0xa5,
  39          0xe0,
  40          0x78,
  41          0xbb,
  42          0xf6,
  43          0xa3,
  44          0xe0,
  45          0x08,
  46          0xf6,
  47          0xa3,
  48          0xe0,
  49          0x08,
  50          0xf6,
  51          0xe5,
  52          0x1f,
  53          0x70,
  54          0x45,
C51 COMPILER V9.51   AF                                                                    12/26/2016 20:53:56 PAGE 2   

  55          0x75,
  56          0x1e,
  57          0x20,
  58          0xd2,
  59          0x34,
  60          0x12,
  61          0x0c,
  62          0x0c,
  63          0x78,
  64          0x9c,
  65          0x12,
  66          0x0b,
  67          0xd2,
  68          0x78,
  69          0xa8,
  70          0xa6,
  71          0x14,
  72          0x08,
  73          0xa6,
  74          0x15,
  75          0x78,
  76          0xb3,
  77          0xa6,
  78          0x09,
  79          0x18,
  80          0x76,
  81          0x01,
  82          0x78,
  83          0x4c,
  84          0xa6,
  85          0x0a,
  86          0x08,
  87          0xa6,
  88          0x0b,
  89          0x78,
  90          0x6c,
  91          0xa6,
  92          0x14,
  93          0x08,
  94          0xa6,
  95          0x15,
  96          0x78,
  97          0xb3,
  98          0xe6,
  99          0x78,
 100          0x8c,
 101          0xf6,
 102          0x75,
 103          0x1f,
 104          0x01,
 105          0x78,
 106          0xbb,
 107          0xe6,
 108          0x78,
 109          0xb8,
 110          0xf6,
 111          0x78,
 112          0xbc,
 113          0xe6,
 114          0x78,
 115          0xb9,
 116          0xf6,
C51 COMPILER V9.51   AF                                                                    12/26/2016 20:53:56 PAGE 3   

 117          0x78,
 118          0xbd,
 119          0xe6,
 120          0x78,
 121          0xba,
 122          0xf6,
 123          0x22,
 124          0x79,
 125          0xb8,
 126          0xe7,
 127          0xd3,
 128          0x78,
 129          0xbb,
 130          0x96,
 131          0x40,
 132          0x05,
 133          0xe7,
 134          0x96,
 135          0xff,
 136          0x80,
 137          0x08,
 138          0xc3,
 139          0x79,
 140          0xbb,
 141          0xe7,
 142          0x78,
 143          0xb8,
 144          0x96,
 145          0xff,
 146          0x78,
 147          0xa6,
 148          0x76,
 149          0x00,
 150          0x08,
 151          0xa6,
 152          0x07,
 153          0x79,
 154          0xb9,
 155          0xe7,
 156          0xd3,
 157          0x78,
 158          0xbc,
 159          0x96,
 160          0x40,
 161          0x05,
 162          0xe7,
 163          0x96,
 164          0xff,
 165          0x80,
 166          0x08,
 167          0xc3,
 168          0x79,
 169          0xbc,
 170          0xe7,
 171          0x78,
 172          0xb9,
 173          0x96,
 174          0xff,
 175          0x12,
 176          0x0c,
 177          0x13,
 178          0x79,
C51 COMPILER V9.51   AF                                                                    12/26/2016 20:53:56 PAGE 4   

 179          0xba,
 180          0xe7,
 181          0xd3,
 182          0x78,
 183          0xbd,
 184          0x96,
 185          0x40,
 186          0x05,
 187          0xe7,
 188          0x96,
 189          0xff,
 190          0x80,
 191          0x08,
 192          0xc3,
 193          0x79,
 194          0xbd,
 195          0xe7,
 196          0x78,
 197          0xba,
 198          0x96,
 199          0xff,
 200          0x12,
 201          0x0c,
 202          0x13,
 203          0x78,
 204          0xb2,
 205          0xe6,
 206          0x25,
 207          0xe0,
 208          0x24,
 209          0x4c,
 210          0xf8,
 211          0xa6,
 212          0x0a,
 213          0x08,
 214          0xa6,
 215          0x0b,
 216          0x78,
 217          0xb2,
 218          0xe6,
 219          0x25,
 220          0xe0,
 221          0x24,
 222          0x6c,
 223          0xf8,
 224          0xa6,
 225          0x14,
 226          0x08,
 227          0xa6,
 228          0x15,
 229          0x78,
 230          0xb2,
 231          0xe6,
 232          0x24,
 233          0x8c,
 234          0xf8,
 235          0xa6,
 236          0x09,
 237          0x78,
 238          0xb2,
 239          0xe6,
 240          0x24,
C51 COMPILER V9.51   AF                                                                    12/26/2016 20:53:56 PAGE 5   

 241          0x01,
 242          0xff,
 243          0xe4,
 244          0x33,
 245          0xfe,
 246          0xd3,
 247          0xef,
 248          0x94,
 249          0x0f,
 250          0xee,
 251          0x64,
 252          0x80,
 253          0x94,
 254          0x80,
 255          0x40,
 256          0x04,
 257          0x7f,
 258          0x00,
 259          0x80,
 260          0x05,
 261          0x78,
 262          0xb2,
 263          0xe6,
 264          0x04,
 265          0xff,
 266          0x78,
 267          0xb2,
 268          0xa6,
 269          0x07,
 270          0xe5,
 271          0x1f,
 272          0xb4,
 273          0x01,
 274          0x0a,
 275          0xe6,
 276          0x60,
 277          0x03,
 278          0x02,
 279          0x03,
 280          0x09,
 281          0x75,
 282          0x1f,
 283          0x02,
 284          0x22,
 285          0x12,
 286          0x0c,
 287          0x0c,
 288          0x78,
 289          0x9e,
 290          0x12,
 291          0x0b,
 292          0xd2,
 293          0x12,
 294          0x0c,
 295          0x0c,
 296          0x78,
 297          0xa0,
 298          0x12,
 299          0x0b,
 300          0xff,
 301          0x78,
 302          0xaa,
C51 COMPILER V9.51   AF                                                                    12/26/2016 20:53:56 PAGE 6   

 303          0x12,
 304          0x0b,
 305          0xff,
 306          0xff,
 307          0x78,
 308          0xac,
 309          0xa6,
 310          0x06,
 311          0x08,
 312          0xa6,
 313          0x07,
 314          0x78,
 315          0x8c,
 316          0xe6,
 317          0x78,
 318          0xb4,
 319          0xf6,
 320          0x78,
 321          0x8c,
 322          0xe6,
 323          0x78,
 324          0xb5,
 325          0xf6,
 326          0x7f,
 327          0x01,
 328          0xef,
 329          0x25,
 330          0xe0,
 331          0x24,
 332          0x4d,
 333          0x78,
 334          0x9f,
 335          0x12,
 336          0x0b,
 337          0xc9,
 338          0x50,
 339          0x0a,
 340          0x12,
 341          0x0b,
 342          0xab,
 343          0x78,
 344          0x9e,
 345          0xa6,
 346          0x04,
 347          0x08,
 348          0xa6,
 349          0x05,
 350          0xef,
 351          0x25,
 352          0xe0,
 353          0x24,
 354          0x6d,
 355          0x78,
 356          0xab,
 357          0x12,
 358          0x0b,
 359          0xc9,
 360          0x50,
 361          0x0f,
 362          0xef,
 363          0x25,
 364          0xe0,
C51 COMPILER V9.51   AF                                                                    12/26/2016 20:53:56 PAGE 7   

 365          0x24,
 366          0x6c,
 367          0x12,
 368          0x0b,
 369          0xb0,
 370          0x78,
 371          0xaa,
 372          0xa6,
 373          0x04,
 374          0x08,
 375          0xa6,
 376          0x05,
 377          0x74,
 378          0x8c,
 379          0x2f,
 380          0xf9,
 381          0x78,
 382          0xb4,
 383          0xe6,
 384          0xc3,
 385          0x97,
 386          0x50,
 387          0x08,
 388          0x74,
 389          0x8c,
 390          0x2f,
 391          0xf8,
 392          0xe6,
 393          0x78,
 394          0xb4,
 395          0xf6,
 396          0xef,
 397          0x25,
 398          0xe0,
 399          0x24,
 400          0x4d,
 401          0xf9,
 402          0xd3,
 403          0x78,
 404          0xa1,
 405          0x12,
 406          0x0b,
 407          0xcb,
 408          0x40,
 409          0x0a,
 410          0x12,
 411          0x0b,
 412          0xab,
 413          0x78,
 414          0xa0,
 415          0xa6,
 416          0x04,
 417          0x08,
 418          0xa6,
 419          0x05,
 420          0xef,
 421          0x25,
 422          0xe0,
 423          0x24,
 424          0x6d,
 425          0xf9,
 426          0xd3,
C51 COMPILER V9.51   AF                                                                    12/26/2016 20:53:56 PAGE 8   

 427          0x78,
 428          0xad,
 429          0x12,
 430          0x0b,
 431          0xcb,
 432          0x40,
 433          0x0f,
 434          0xef,
 435          0x25,
 436          0xe0,
 437          0x24,
 438          0x6c,
 439          0x12,
 440          0x0b,
 441          0xb0,
 442          0x78,
 443          0xac,
 444          0xa6,
 445          0x04,
 446          0x08,
 447          0xa6,
 448          0x05,
 449          0x74,
 450          0x8c,
 451          0x2f,
 452          0xf9,
 453          0x78,
 454          0xb5,
 455          0xe6,
 456          0xd3,
 457          0x97,
 458          0x40,
 459          0x08,
 460          0x74,
 461          0x8c,
 462          0x2f,
 463          0xf8,
 464          0xe6,
 465          0x78,
 466          0xb5,
 467          0xf6,
 468          0x0f,
 469          0xef,
 470          0x64,
 471          0x10,
 472          0x60,
 473          0x03,
 474          0x02,
 475          0x01,
 476          0x3e,
 477          0xc3,
 478          0x79,
 479          0x9f,
 480          0x78,
 481          0xa1,
 482          0x12,
 483          0x0b,
 484          0xf7,
 485          0x78,
 486          0xa2,
 487          0xf6,
 488          0x08,
C51 COMPILER V9.51   AF                                                                    12/26/2016 20:53:56 PAGE 9   

 489          0xa6,
 490          0x07,
 491          0xc3,
 492          0x79,
 493          0xab,
 494          0x78,
 495          0xad,
 496          0x12,
 497          0x0b,
 498          0xf7,
 499          0x78,
 500          0xae,
 501          0xf6,
 502          0x08,
 503          0xa6,
 504          0x07,
 505          0xc3,
 506          0x79,
 507          0xb4,
 508          0xe7,
 509          0x78,
 510          0xb5,
 511          0x96,
 512          0x08,
 513          0xf6,
 514          0xd3,
 515          0x79,
 516          0x9f,
 517          0xe7,
 518          0x78,
 519          0x9d,
 520          0x96,
 521          0x19,
 522          0xe7,
 523          0x18,
 524          0x96,
 525          0x40,
 526          0x05,
 527          0x09,
 528          0xe7,
 529          0x08,
 530          0x80,
 531          0x06,
 532          0xc3,
 533          0x79,
 534          0x9d,
 535          0xe7,
 536          0x78,
 537          0x9f,
 538          0x12,
 539          0x0b,
 540          0xf8,
 541          0xfe,
 542          0x78,
 543          0xa4,
 544          0xa6,
 545          0x06,
 546          0x08,
 547          0xa6,
 548          0x07,
 549          0xd3,
 550          0x79,
C51 COMPILER V9.51   AF                                                                    12/26/2016 20:53:56 PAGE 10  

 551          0xab,
 552          0xe7,
 553          0x78,
 554          0xa9,
 555          0x96,
 556          0x19,
 557          0xe7,
 558          0x18,
 559          0x96,
 560          0x40,
 561          0x05,
 562          0x09,
 563          0xe7,
 564          0x08,
 565          0x80,
 566          0x06,
 567          0xc3,
 568          0x79,
 569          0xa9,
 570          0xe7,
 571          0x78,
 572          0xab,
 573          0x12,
 574          0x0b,
 575          0xf8,
 576          0xfe,
 577          0x78,
 578          0xb0,
 579          0xa6,
 580          0x06,
 581          0x08,
 582          0xa6,
 583          0x07,
 584          0x79,
 585          0xb4,
 586          0xe7,
 587          0xd3,
 588          0x78,
 589          0xb3,
 590          0x96,
 591          0x40,
 592          0x05,
 593          0xe7,
 594          0x96,
 595          0xff,
 596          0x80,
 597          0x08,
 598          0xc3,
 599          0x79,
 600          0xb3,
 601          0xe7,
 602          0x78,
 603          0xb4,
 604          0x96,
 605          0xff,
 606          0x78,
 607          0xb7,
 608          0xa6,
 609          0x07,
 610          0xe5,
 611          0x1f,
 612          0x64,
C51 COMPILER V9.51   AF                                                                    12/26/2016 20:53:56 PAGE 11  

 613          0x02,
 614          0x60,
 615          0x03,
 616          0x02,
 617          0x02,
 618          0xef,
 619          0x90,
 620          0x30,
 621          0x24,
 622          0x74,
 623          0x0f,
 624          0xf0,
 625          0x90,
 626          0x0e,
 627          0x8a,
 628          0xe4,
 629          0x93,
 630          0xff,
 631          0x18,
 632          0xe6,
 633          0xc3,
 634          0x9f,
 635          0x40,
 636          0x03,
 637          0x02,
 638          0x03,
 639          0x09,
 640          0x90,
 641          0x30,
 642          0x24,
 643          0x74,
 644          0x0e,
 645          0xf0,
 646          0x78,
 647          0xa2,
 648          0x12,
 649          0x0b,
 650          0xd9,
 651          0x12,
 652          0x0b,
 653          0xa2,
 654          0x90,
 655          0x0e,
 656          0x87,
 657          0x12,
 658          0x0b,
 659          0xb7,
 660          0x78,
 661          0x9e,
 662          0x12,
 663          0x0b,
 664          0xe8,
 665          0x7b,
 666          0x04,
 667          0x12,
 668          0x0b,
 669          0x90,
 670          0xc3,
 671          0x12,
 672          0x07,
 673          0x0e,
 674          0x50,
C51 COMPILER V9.51   AF                                                                    12/26/2016 20:53:56 PAGE 12  

 675          0x6f,
 676          0x90,
 677          0x0e,
 678          0x8b,
 679          0xe4,
 680          0x93,
 681          0xff,
 682          0x78,
 683          0xb7,
 684          0xe6,
 685          0x9f,
 686          0x40,
 687          0x07,
 688          0x90,
 689          0x30,
 690          0x24,
 691          0x74,
 692          0x0a,
 693          0x80,
 694          0x16,
 695          0x90,
 696          0x0e,
 697          0x89,
 698          0xe4,
 699          0x93,
 700          0xff,
 701          0xd3,
 702          0x78,
 703          0xa7,
 704          0xe6,
 705          0x9f,
 706          0x18,
 707          0xe6,
 708          0x94,
 709          0x00,
 710          0x40,
 711          0x09,
 712          0x90,
 713          0x30,
 714          0x24,
 715          0x74,
 716          0x0b,
 717          0xf0,
 718          0x75,
 719          0x1f,
 720          0x05,
 721          0x78,
 722          0xae,
 723          0x12,
 724          0x0b,
 725          0xd9,
 726          0x12,
 727          0x0b,
 728          0xa2,
 729          0x90,
 730          0x0e,
 731          0x88,
 732          0x12,
 733          0x0b,
 734          0xb7,
 735          0x78,
 736          0xa8,
C51 COMPILER V9.51   AF                                                                    12/26/2016 20:53:56 PAGE 13  

 737          0x12,
 738          0x0b,
 739          0xe8,
 740          0x7b,
 741          0x40,
 742          0x12,
 743          0x0b,
 744          0x90,
 745          0xd3,
 746          0x12,
 747          0x07,
 748          0x0e,
 749          0x40,
 750          0x24,
 751          0x90,
 752          0x30,
 753          0x24,
 754          0x74,
 755          0x0c,
 756          0xf0,
 757          0x75,
 758          0x1f,
 759          0x05,
 760          0x22,
 761          0x90,
 762          0x30,
 763          0x24,
 764          0x74,
 765          0x01,
 766          0xf0,
 767          0xe5,
 768          0x1f,
 769          0xb4,
 770          0x05,
 771          0x0f,
 772          0xd2,
 773          0x01,
 774          0xc2,
 775          0x02,
 776          0xe4,
 777          0xf5,
 778          0x1f,
 779          0xf5,
 780          0x1e,
 781          0xd2,
 782          0x34,
 783          0xd2,
 784          0x32,
 785          0xd2,
 786          0x35,
 787          0x22,
 788          0xe5,
 789          0x1f,
 790          0x60,
 791          0x03,
 792          0x02,
 793          0x03,
 794          0x93,
 795          0xf5,
 796          0x1e,
 797          0xd2,
 798          0x34,
C51 COMPILER V9.51   AF                                                                    12/26/2016 20:53:56 PAGE 14  

 799          0x75,
 800          0x34,
 801          0xff,
 802          0x75,
 803          0x35,
 804          0x0e,
 805          0x75,
 806          0x36,
 807          0x55,
 808          0x75,
 809          0x37,
 810          0x01,
 811          0x12,
 812          0x0d,
 813          0x85,
 814          0xe4,
 815          0xff,
 816          0xef,
 817          0x25,
 818          0xe0,
 819          0x24,
 820          0x4c,
 821          0xf8,
 822          0xe4,
 823          0xf6,
 824          0x08,
 825          0xf6,
 826          0x0f,
 827          0xbf,
 828          0x34,
 829          0xf2,
 830          0x90,
 831          0x0e,
 832          0x8c,
 833          0xe4,
 834          0x93,
 835          0xff,
 836          0xe5,
 837          0x49,
 838          0xc3,
 839          0x9f,
 840          0x50,
 841          0x04,
 842          0x7f,
 843          0x05,
 844          0x80,
 845          0x02,
 846          0x7f,
 847          0xfb,
 848          0x78,
 849          0xbb,
 850          0xa6,
 851          0x07,
 852          0x12,
 853          0x0e,
 854          0xbc,
 855          0x40,
 856          0x04,
 857          0x7f,
 858          0x03,
 859          0x80,
 860          0x02,
C51 COMPILER V9.51   AF                                                                    12/26/2016 20:53:56 PAGE 15  

 861          0x7f,
 862          0x30,
 863          0x78,
 864          0xba,
 865          0xa6,
 866          0x07,
 867          0xe6,
 868          0x18,
 869          0xf6,
 870          0x08,
 871          0xe6,
 872          0x78,
 873          0xb7,
 874          0xf6,
 875          0x78,
 876          0xba,
 877          0xe6,
 878          0x78,
 879          0xb8,
 880          0xf6,
 881          0x78,
 882          0xbd,
 883          0x76,
 884          0x33,
 885          0xe4,
 886          0x08,
 887          0xf6,
 888          0x78,
 889          0xb6,
 890          0x76,
 891          0x01,
 892          0x75,
 893          0x48,
 894          0x02,
 895          0x78,
 896          0xb4,
 897          0xf6,
 898          0x08,
 899          0xf6,
 900          0x74,
 901          0xff,
 902          0x78,
 903          0xbf,
 904          0xf6,
 905          0x08,
 906          0xf6,
 907          0x75,
 908          0x1f,
 909          0x01,
 910          0x78,
 911          0xba,
 912          0xe6,
 913          0x75,
 914          0xf0,
 915          0x05,
 916          0xa4,
 917          0xf5,
 918          0x49,
 919          0x12,
 920          0x0a,
 921          0xfd,
 922          0xc2,
C51 COMPILER V9.51   AF                                                                    12/26/2016 20:53:56 PAGE 16  

 923          0x36,
 924          0x22,
 925          0x78,
 926          0xb6,
 927          0xe6,
 928          0xd3,
 929          0x94,
 930          0x00,
 931          0x40,
 932          0x02,
 933          0x16,
 934          0x22,
 935          0xe5,
 936          0x1f,
 937          0xb4,
 938          0x05,
 939          0x23,
 940          0xe4,
 941          0xf5,
 942          0x1f,
 943          0xc2,
 944          0x01,
 945          0x78,
 946          0xb4,
 947          0xe6,
 948          0xfe,
 949          0x08,
 950          0xe6,
 951          0xff,
 952          0x78,
 953          0x4c,
 954          0xa6,
 955          0x06,
 956          0x08,
 957          0xa6,
 958          0x07,
 959          0xa2,
 960          0x36,
 961          0xe4,
 962          0x33,
 963          0xf5,
 964          0x3c,
 965          0x90,
 966          0x30,
 967          0x28,
 968          0xf0,
 969          0x75,
 970          0x1e,
 971          0x10,
 972          0xd2,
 973          0x34,
 974          0x22,
 975          0xe5,
 976          0x49,
 977          0x75,
 978          0xf0,
 979          0x05,
 980          0x84,
 981          0x78,
 982          0xba,
 983          0xf6,
 984          0x90,
C51 COMPILER V9.51   AF                                                                    12/26/2016 20:53:56 PAGE 17  

 985          0x0e,
 986          0x85,
 987          0xe4,
 988          0x93,
 989          0xff,
 990          0x25,
 991          0xe0,
 992          0x24,
 993          0x0a,
 994          0xf8,
 995          0xe6,
 996          0xfc,
 997          0x08,
 998          0xe6,
 999          0xfd,
1000          0x78,
1001          0xba,
1002          0xe6,
1003          0x25,
1004          0xe0,
1005          0x24,
1006          0x4c,
1007          0xf8,
1008          0xa6,
1009          0x04,
1010          0x08,
1011          0xa6,
1012          0x05,
1013          0xef,
1014          0x12,
1015          0x0e,
1016          0xc3,
1017          0xd3,
1018          0x78,
1019          0xb5,
1020          0x96,
1021          0xee,
1022          0x18,
1023          0x96,
1024          0x40,
1025          0x0d,
1026          0x78,
1027          0xba,
1028          0xe6,
1029          0x78,
1030          0xb7,
1031          0xf6,
1032          0x78,
1033          0xb4,
1034          0xa6,
1035          0x06,
1036          0x08,
1037          0xa6,
1038          0x07,
1039          0x90,
1040          0x0e,
1041          0x85,
1042          0xe4,
1043          0x93,
1044          0x12,
1045          0x0e,
1046          0xc3,
C51 COMPILER V9.51   AF                                                                    12/26/2016 20:53:56 PAGE 18  

1047          0xc3,
1048          0x78,
1049          0xc0,
1050          0x96,
1051          0xee,
1052          0x18,
1053          0x96,
1054          0x50,
1055          0x0d,
1056          0x78,
1057          0xba,
1058          0xe6,
1059          0x78,
1060          0xb8,
1061          0xf6,
1062          0x78,
1063          0xbf,
1064          0xa6,
1065          0x06,
1066          0x08,
1067          0xa6,
1068          0x07,
1069          0x78,
1070          0xb4,
1071          0xe6,
1072          0xfe,
1073          0x08,
1074          0xe6,
1075          0xc3,
1076          0x78,
1077          0xc0,
1078          0x96,
1079          0xff,
1080          0xee,
1081          0x18,
1082          0x96,
1083          0x78,
1084          0xc1,
1085          0xf6,
1086          0x08,
1087          0xa6,
1088          0x07,
1089          0x90,
1090          0x0e,
1091          0x8e,
1092          0xe4,
1093          0x18,
1094          0x12,
1095          0x0e,
1096          0xa1,
1097          0x40,
1098          0x02,
1099          0xd2,
1100          0x36,
1101          0x78,
1102          0xba,
1103          0xe6,
1104          0x08,
1105          0x26,
1106          0x08,
1107          0xf6,
1108          0xe5,
C51 COMPILER V9.51   AF                                                                    12/26/2016 20:53:56 PAGE 19  

1109          0x1f,
1110          0x64,
1111          0x01,
1112          0x70,
1113          0x4a,
1114          0xe6,
1115          0xc3,
1116          0x78,
1117          0xbe,
1118          0x12,
1119          0x0e,
1120          0x97,
1121          0x40,
1122          0x05,
1123          0x12,
1124          0x0e,
1125          0x92,
1126          0x40,
1127          0x39,
1128          0x12,
1129          0x0e,
1130          0xba,
1131          0x40,
1132          0x04,
1133          0x7f,
1134          0xfe,
1135          0x80,
1136          0x02,
1137          0x7f,
1138          0x02,
1139          0x78,
1140          0xbb,
1141          0xa6,
1142          0x07,
1143          0x78,
1144          0xb7,
1145          0xe6,
1146          0x24,
1147          0x03,
1148          0x78,
1149          0xbd,
1150          0xf6,
1151          0x78,
1152          0xb7,
1153          0xe6,
1154          0x24,
1155          0xfd,
1156          0x78,
1157          0xbe,
1158          0xf6,
1159          0x12,
1160          0x0e,
1161          0xba,
1162          0x40,
1163          0x06,
1164          0x78,
1165          0xbe,
1166          0xe6,
1167          0xff,
1168          0x80,
1169          0x04,
1170          0x78,
C51 COMPILER V9.51   AF                                                                    12/26/2016 20:53:56 PAGE 20  

1171          0xbd,
1172          0xe6,
1173          0xff,
1174          0x78,
1175          0xbc,
1176          0xa6,
1177          0x07,
1178          0x75,
1179          0x1f,
1180          0x02,
1181          0x78,
1182          0xb6,
1183          0x76,
1184          0x01,
1185          0x02,
1186          0x05,
1187          0x59,
1188          0xe5,
1189          0x1f,
1190          0x64,
1191          0x02,
1192          0x60,
1193          0x03,
1194          0x02,
1195          0x05,
1196          0x39,
1197          0x78,
1198          0xbc,
1199          0xe6,
1200          0xff,
1201          0xc3,
1202          0x78,
1203          0xbe,
1204          0x12,
1205          0x0e,
1206          0x98,
1207          0x40,
1208          0x08,
1209          0x12,
1210          0x0e,
1211          0x92,
1212          0x50,
1213          0x03,
1214          0x02,
1215          0x05,
1216          0x37,
1217          0x12,
1218          0x0e,
1219          0xba,
1220          0x40,
1221          0x04,
1222          0x7f,
1223          0xff,
1224          0x80,
1225          0x02,
1226          0x7f,
1227          0x01,
1228          0x78,
1229          0xbb,
1230          0xa6,
1231          0x07,
1232          0x78,
C51 COMPILER V9.51   AF                                                                    12/26/2016 20:53:56 PAGE 21  

1233          0xb7,
1234          0xe6,
1235          0x04,
1236          0x78,
1237          0xbd,
1238          0xf6,
1239          0x78,
1240          0xb7,
1241          0xe6,
1242          0x14,
1243          0x78,
1244          0xbe,
1245          0xf6,
1246          0x18,
1247          0x12,
1248          0x0e,
1249          0xbc,
1250          0x40,
1251          0x04,
1252          0xe6,
1253          0xff,
1254          0x80,
1255          0x02,
1256          0x7f,
1257          0x00,
1258          0x78,
1259          0xbd,
1260          0xa6,
1261          0x07,
1262          0xd3,
1263          0x08,
1264          0xe6,
1265          0x64,
1266          0x80,
1267          0x94,
1268          0x80,
1269          0x40,
1270          0x04,
1271          0xe6,
1272          0xff,
1273          0x80,
1274          0x02,
1275          0x7f,
1276          0x00,
1277          0x78,
1278          0xbe,
1279          0xa6,
1280          0x07,
1281          0xc3,
1282          0x18,
1283          0xe6,
1284          0x64,
1285          0x80,
1286          0x94,
1287          0xb3,
1288          0x50,
1289          0x04,
1290          0xe6,
1291          0xff,
1292          0x80,
1293          0x02,
1294          0x7f,
C51 COMPILER V9.51   AF                                                                    12/26/2016 20:53:56 PAGE 22  

1295          0x33,
1296          0x78,
1297          0xbd,
1298          0xa6,
1299          0x07,
1300          0xc3,
1301          0x08,
1302          0xe6,
1303          0x64,
1304          0x80,
1305          0x94,
1306          0xb3,
1307          0x50,
1308          0x04,
1309          0xe6,
1310          0xff,
1311          0x80,
1312          0x02,
1313          0x7f,
1314          0x33,
1315          0x78,
1316          0xbe,
1317          0xa6,
1318          0x07,
1319          0x12,
1320          0x0e,
1321          0xba,
1322          0x40,
1323          0x06,
1324          0x78,
1325          0xbe,
1326          0xe6,
1327          0xff,
1328          0x80,
1329          0x04,
1330          0x78,
1331          0xbd,
1332          0xe6,
1333          0xff,
1334          0x78,
1335          0xbc,
1336          0xa6,
1337          0x07,
1338          0x75,
1339          0x1f,
1340          0x03,
1341          0x78,
1342          0xb6,
1343          0x76,
1344          0x01,
1345          0x80,
1346          0x20,
1347          0xe5,
1348          0x1f,
1349          0x64,
1350          0x03,
1351          0x70,
1352          0x26,
1353          0x78,
1354          0xbc,
1355          0xe6,
1356          0xff,
C51 COMPILER V9.51   AF                                                                    12/26/2016 20:53:56 PAGE 23  

1357          0xc3,
1358          0x78,
1359          0xbe,
1360          0x12,
1361          0x0e,
1362          0x98,
1363          0x40,
1364          0x05,
1365          0x12,
1366          0x0e,
1367          0x92,
1368          0x40,
1369          0x09,
1370          0x78,
1371          0xb7,
1372          0xe6,
1373          0x78,
1374          0xbc,
1375          0xf6,
1376          0x75,
1377          0x1f,
1378          0x04,
1379          0x78,
1380          0xbc,
1381          0xe6,
1382          0x75,
1383          0xf0,
1384          0x05,
1385          0xa4,
1386          0xf5,
1387          0x49,
1388          0x02,
1389          0x0a,
1390          0xfd,
1391          0xe5,
1392          0x1f,
1393          0xb4,
1394          0x04,
1395          0x1f,
1396          0x90,
1397          0x0e,
1398          0x8d,
1399          0xe4,
1400          0x78,
1401          0xc1,
1402          0x12,
1403          0x0e,
1404          0xa1,
1405          0x40,
1406          0x02,
1407          0xd2,
1408          0x36,
1409          0x75,
1410          0x1f,
1411          0x05,
1412          0x75,
1413          0x34,
1414          0xff,
1415          0x75,
1416          0x35,
1417          0x0e,
1418          0x75,
C51 COMPILER V9.51   AF                                                                    12/26/2016 20:53:56 PAGE 24  

1419          0x36,
1420          0x59,
1421          0x75,
1422          0x37,
1423          0x01,
1424          0x12,
1425          0x0d,
1426          0x85,
1427          0x22,
1428          0xef,
1429          0x8d,
1430          0xf0,
1431          0xa4,
1432          0xa8,
1433          0xf0,
1434          0xcf,
1435          0x8c,
1436          0xf0,
1437          0xa4,
1438          0x28,
1439          0xce,
1440          0x8d,
1441          0xf0,
1442          0xa4,
1443          0x2e,
1444          0xfe,
1445          0x22,
1446          0xbc,
1447          0x00,
1448          0x0b,
1449          0xbe,
1450          0x00,
1451          0x29,
1452          0xef,
1453          0x8d,
1454          0xf0,
1455          0x84,
1456          0xff,
1457          0xad,
1458          0xf0,
1459          0x22,
1460          0xe4,
1461          0xcc,
1462          0xf8,
1463          0x75,
1464          0xf0,
1465          0x08,
1466          0xef,
1467          0x2f,
1468          0xff,
1469          0xee,
1470          0x33,
1471          0xfe,
1472          0xec,
1473          0x33,
1474          0xfc,
1475          0xee,
1476          0x9d,
1477          0xec,
1478          0x98,
1479          0x40,
1480          0x05,
C51 COMPILER V9.51   AF                                                                    12/26/2016 20:53:56 PAGE 25  

1481          0xfc,
1482          0xee,
1483          0x9d,
1484          0xfe,
1485          0x0f,
1486          0xd5,
1487          0xf0,
1488          0xe9,
1489          0xe4,
1490          0xce,
1491          0xfd,
1492          0x22,
1493          0xed,
1494          0xf8,
1495          0xf5,
1496          0xf0,
1497          0xee,
1498          0x84,
1499          0x20,
1500          0xd2,
1501          0x1c,
1502          0xfe,
1503          0xad,
1504          0xf0,
1505          0x75,
1506          0xf0,
1507          0x08,
1508          0xef,
1509          0x2f,
1510          0xff,
1511          0xed,
1512          0x33,
1513          0xfd,
1514          0x40,
1515          0x07,
1516          0x98,
1517          0x50,
1518          0x06,
1519          0xd5,
1520          0xf0,
1521          0xf2,
1522          0x22,
1523          0xc3,
1524          0x98,
1525          0xfd,
1526          0x0f,
1527          0xd5,
1528          0xf0,
1529          0xea,
1530          0x22,
1531          0xe8,
1532          0x8f,
1533          0xf0,
1534          0xa4,
1535          0xcc,
1536          0x8b,
1537          0xf0,
1538          0xa4,
1539          0x2c,
1540          0xfc,
1541          0xe9,
1542          0x8e,
C51 COMPILER V9.51   AF                                                                    12/26/2016 20:53:56 PAGE 26  

1543          0xf0,
1544          0xa4,
1545          0x2c,
1546          0xfc,
1547          0x8a,
1548          0xf0,
1549          0xed,
1550          0xa4,
1551          0x2c,
1552          0xfc,
1553          0xea,
1554          0x8e,
1555          0xf0,
1556          0xa4,
1557          0xcd,
1558          0xa8,
1559          0xf0,
1560          0x8b,
1561          0xf0,
1562          0xa4,
1563          0x2d,
1564          0xcc,
1565          0x38,
1566          0x25,
1567          0xf0,
1568          0xfd,
1569          0xe9,
1570          0x8f,
1571          0xf0,
1572          0xa4,
1573          0x2c,
1574          0xcd,
1575          0x35,
1576          0xf0,
1577          0xfc,
1578          0xeb,
1579          0x8e,
1580          0xf0,
1581          0xa4,
1582          0xfe,
1583          0xa9,
1584          0xf0,
1585          0xeb,
1586          0x8f,
1587          0xf0,
1588          0xa4,
1589          0xcf,
1590          0xc5,
1591          0xf0,
1592          0x2e,
1593          0xcd,
1594          0x39,
1595          0xfe,
1596          0xe4,
1597          0x3c,
1598          0xfc,
1599          0xea,
1600          0xa4,
1601          0x2d,
1602          0xce,
1603          0x35,
1604          0xf0,
C51 COMPILER V9.51   AF                                                                    12/26/2016 20:53:56 PAGE 27  

1605          0xfd,
1606          0xe4,
1607          0x3c,
1608          0xfc,
1609          0x22,
1610          0x75,
1611          0xf0,
1612          0x08,
1613          0x75,
1614          0x82,
1615          0x00,
1616          0xef,
1617          0x2f,
1618          0xff,
1619          0xee,
1620          0x33,
1621          0xfe,
1622          0xcd,
1623          0x33,
1624          0xcd,
1625          0xcc,
1626          0x33,
1627          0xcc,
1628          0xc5,
1629          0x82,
1630          0x33,
1631          0xc5,
1632          0x82,
1633          0x9b,
1634          0xed,
1635          0x9a,
1636          0xec,
1637          0x99,
1638          0xe5,
1639          0x82,
1640          0x98,
1641          0x40,
1642          0x0c,
1643          0xf5,
1644          0x82,
1645          0xee,
1646          0x9b,
1647          0xfe,
1648          0xed,
1649          0x9a,
1650          0xfd,
1651          0xec,
1652          0x99,
1653          0xfc,
1654          0x0f,
1655          0xd5,
1656          0xf0,
1657          0xd6,
1658          0xe4,
1659          0xce,
1660          0xfb,
1661          0xe4,
1662          0xcd,
1663          0xfa,
1664          0xe4,
1665          0xcc,
1666          0xf9,
C51 COMPILER V9.51   AF                                                                    12/26/2016 20:53:56 PAGE 28  

1667          0xa8,
1668          0x82,
1669          0x22,
1670          0xb8,
1671          0x00,
1672          0xc1,
1673          0xb9,
1674          0x00,
1675          0x59,
1676          0xba,
1677          0x00,
1678          0x2d,
1679          0xec,
1680          0x8b,
1681          0xf0,
1682          0x84,
1683          0xcf,
1684          0xce,
1685          0xcd,
1686          0xfc,
1687          0xe5,
1688          0xf0,
1689          0xcb,
1690          0xf9,
1691          0x78,
1692          0x18,
1693          0xef,
1694          0x2f,
1695          0xff,
1696          0xee,
1697          0x33,
1698          0xfe,
1699          0xed,
1700          0x33,
1701          0xfd,
1702          0xec,
1703          0x33,
1704          0xfc,
1705          0xeb,
1706          0x33,
1707          0xfb,
1708          0x10,
1709          0xd7,
1710          0x03,
1711          0x99,
1712          0x40,
1713          0x04,
1714          0xeb,
1715          0x99,
1716          0xfb,
1717          0x0f,
1718          0xd8,
1719          0xe5,
1720          0xe4,
1721          0xf9,
1722          0xfa,
1723          0x22,
1724          0x78,
1725          0x18,
1726          0xef,
1727          0x2f,
1728          0xff,
C51 COMPILER V9.51   AF                                                                    12/26/2016 20:53:56 PAGE 29  

1729          0xee,
1730          0x33,
1731          0xfe,
1732          0xed,
1733          0x33,
1734          0xfd,
1735          0xec,
1736          0x33,
1737          0xfc,
1738          0xc9,
1739          0x33,
1740          0xc9,
1741          0x10,
1742          0xd7,
1743          0x05,
1744          0x9b,
1745          0xe9,
1746          0x9a,
1747          0x40,
1748          0x07,
1749          0xec,
1750          0x9b,
1751          0xfc,
1752          0xe9,
1753          0x9a,
1754          0xf9,
1755          0x0f,
1756          0xd8,
1757          0xe0,
1758          0xe4,
1759          0xc9,
1760          0xfa,
1761          0xe4,
1762          0xcc,
1763          0xfb,
1764          0x22,
1765          0x75,
1766          0xf0,
1767          0x10,
1768          0xef,
1769          0x2f,
1770          0xff,
1771          0xee,
1772          0x33,
1773          0xfe,
1774          0xed,
1775          0x33,
1776          0xfd,
1777          0xcc,
1778          0x33,
1779          0xcc,
1780          0xc8,
1781          0x33,
1782          0xc8,
1783          0x10,
1784          0xd7,
1785          0x07,
1786          0x9b,
1787          0xec,
1788          0x9a,
1789          0xe8,
1790          0x99,
C51 COMPILER V9.51   AF                                                                    12/26/2016 20:53:56 PAGE 30  

1791          0x40,
1792          0x0a,
1793          0xed,
1794          0x9b,
1795          0xfd,
1796          0xec,
1797          0x9a,
1798          0xfc,
1799          0xe8,
1800          0x99,
1801          0xf8,
1802          0x0f,
1803          0xd5,
1804          0xf0,
1805          0xda,
1806          0xe4,
1807          0xcd,
1808          0xfb,
1809          0xe4,
1810          0xcc,
1811          0xfa,
1812          0xe4,
1813          0xc8,
1814          0xf9,
1815          0x22,
1816          0xeb,
1817          0x9f,
1818          0xf5,
1819          0xf0,
1820          0xea,
1821          0x9e,
1822          0x42,
1823          0xf0,
1824          0xe9,
1825          0x9d,
1826          0x42,
1827          0xf0,
1828          0xe8,
1829          0x9c,
1830          0x45,
1831          0xf0,
1832          0x22,
1833          0xe8,
1834          0x60,
1835          0x0f,
1836          0xef,
1837          0xc3,
1838          0x33,
1839          0xff,
1840          0xee,
1841          0x33,
1842          0xfe,
1843          0xed,
1844          0x33,
1845          0xfd,
1846          0xec,
1847          0x33,
1848          0xfc,
1849          0xd8,
1850          0xf1,
1851          0x22,
1852          0xe4,
C51 COMPILER V9.51   AF                                                                    12/26/2016 20:53:56 PAGE 31  

1853          0x93,
1854          0xfc,
1855          0x74,
1856          0x01,
1857          0x93,
1858          0xfd,
1859          0x74,
1860          0x02,
1861          0x93,
1862          0xfe,
1863          0x74,
1864          0x03,
1865          0x93,
1866          0xff,
1867          0x22,
1868          0xe6,
1869          0xfb,
1870          0x08,
1871          0xe6,
1872          0xf9,
1873          0x08,
1874          0xe6,
1875          0xfa,
1876          0x08,
1877          0xe6,
1878          0xcb,
1879          0xf8,
1880          0x22,
1881          0xec,
1882          0xf6,
1883          0x08,
1884          0xed,
1885          0xf6,
1886          0x08,
1887          0xee,
1888          0xf6,
1889          0x08,
1890          0xef,
1891          0xf6,
1892          0x22,
1893          0xa4,
1894          0x25,
1895          0x82,
1896          0xf5,
1897          0x82,
1898          0xe5,
1899          0xf0,
1900          0x35,
1901          0x83,
1902          0xf5,
1903          0x83,
1904          0x22,
1905          0xd0,
1906          0x83,
1907          0xd0,
1908          0x82,
1909          0xf8,
1910          0xe4,
1911          0x93,
1912          0x70,
1913          0x12,
1914          0x74,
C51 COMPILER V9.51   AF                                                                    12/26/2016 20:53:56 PAGE 32  

1915          0x01,
1916          0x93,
1917          0x70,
1918          0x0d,
1919          0xa3,
1920          0xa3,
1921          0x93,
1922          0xf8,
1923          0x74,
1924          0x01,
1925          0x93,
1926          0xf5,
1927          0x82,
1928          0x88,
1929          0x83,
1930          0xe4,
1931          0x73,
1932          0x74,
1933          0x02,
1934          0x93,
1935          0x68,
1936          0x60,
1937          0xef,
1938          0xa3,
1939          0xa3,
1940          0xa3,
1941          0x80,
1942          0xdf,
1943          0x90,
1944          0x38,
1945          0x04,
1946          0x78,
1947          0x50,
1948          0x12,
1949          0x0c,
1950          0x7f,
1951          0x90,
1952          0x38,
1953          0x00,
1954          0xe0,
1955          0xfe,
1956          0xa3,
1957          0xe0,
1958          0xfd,
1959          0xed,
1960          0xff,
1961          0xc3,
1962          0x12,
1963          0x0c,
1964          0x38,
1965          0x90,
1966          0x38,
1967          0x10,
1968          0x12,
1969          0x0c,
1970          0x2c,
1971          0x90,
1972          0x38,
1973          0x06,
1974          0x78,
1975          0x52,
1976          0x12,
C51 COMPILER V9.51   AF                                                                    12/26/2016 20:53:56 PAGE 33  

1977          0x0c,
1978          0x7f,
1979          0x90,
1980          0x38,
1981          0x02,
1982          0xe0,
1983          0xfe,
1984          0xa3,
1985          0xe0,
1986          0xfd,
1987          0xed,
1988          0xff,
1989          0xc3,
1990          0x12,
1991          0x0c,
1992          0x38,
1993          0x90,
1994          0x38,
1995          0x12,
1996          0x12,
1997          0x0c,
1998          0x2c,
1999          0xa3,
2000          0xe0,
2001          0xb4,
2002          0x31,
2003          0x07,
2004          0x78,
2005          0x50,
2006          0x79,
2007          0x50,
2008          0x12,
2009          0x0c,
2010          0x95,
2011          0x90,
2012          0x38,
2013          0x14,
2014          0xe0,
2015          0xb4,
2016          0x71,
2017          0x15,
2018          0x78,
2019          0x50,
2020          0xe6,
2021          0xfe,
2022          0x08,
2023          0xe6,
2024          0x78,
2025          0x02,
2026          0xce,
2027          0xc3,
2028          0x13,
2029          0xce,
2030          0x13,
2031          0xd8,
2032          0xf9,
2033          0x79,
2034          0x51,
2035          0xf7,
2036          0xee,
2037          0x19,
2038          0xf7,
C51 COMPILER V9.51   AF                                                                    12/26/2016 20:53:56 PAGE 34  

2039          0x90,
2040          0x38,
2041          0x15,
2042          0xe0,
2043          0xb4,
2044          0x31,
2045          0x07,
2046          0x78,
2047          0x52,
2048          0x79,
2049          0x52,
2050          0x12,
2051          0x0c,
2052          0x95,
2053          0x90,
2054          0x38,
2055          0x15,
2056          0xe0,
2057          0xb4,
2058          0x71,
2059          0x15,
2060          0x78,
2061          0x52,
2062          0xe6,
2063          0xfe,
2064          0x08,
2065          0xe6,
2066          0x78,
2067          0x02,
2068          0xce,
2069          0xc3,
2070          0x13,
2071          0xce,
2072          0x13,
2073          0xd8,
2074          0xf9,
2075          0x79,
2076          0x53,
2077          0xf7,
2078          0xee,
2079          0x19,
2080          0xf7,
2081          0x79,
2082          0x50,
2083          0x12,
2084          0x0c,
2085          0x67,
2086          0x09,
2087          0x12,
2088          0x0c,
2089          0x67,
2090          0xaf,
2091          0x45,
2092          0x12,
2093          0x0c,
2094          0x1d,
2095          0x7d,
2096          0x50,
2097          0x12,
2098          0x05,
2099          0x9c,
2100          0x78,
C51 COMPILER V9.51   AF                                                                    12/26/2016 20:53:56 PAGE 35  

2101          0x58,
2102          0xa6,
2103          0x06,
2104          0x08,
2105          0xa6,
2106          0x07,
2107          0xaf,
2108          0x43,
2109          0x12,
2110          0x0c,
2111          0x1d,
2112          0x7d,
2113          0x50,
2114          0x12,
2115          0x05,
2116          0x9c,
2117          0x78,
2118          0x54,
2119          0xa6,
2120          0x06,
2121          0x08,
2122          0xa6,
2123          0x07,
2124          0xaf,
2125          0x46,
2126          0x78,
2127          0x52,
2128          0x12,
2129          0x0c,
2130          0x1f,
2131          0x7d,
2132          0x3c,
2133          0x12,
2134          0x05,
2135          0x9c,
2136          0x78,
2137          0x5a,
2138          0xa6,
2139          0x06,
2140          0x08,
2141          0xa6,
2142          0x07,
2143          0xaf,
2144          0x44,
2145          0x7e,
2146          0x00,
2147          0x78,
2148          0x52,
2149          0x12,
2150          0x0c,
2151          0x21,
2152          0x7d,
2153          0x3c,
2154          0x12,
2155          0x05,
2156          0x9c,
2157          0x78,
2158          0x56,
2159          0xa6,
2160          0x06,
2161          0x08,
2162          0xa6,
C51 COMPILER V9.51   AF                                                                    12/26/2016 20:53:56 PAGE 36  

2163          0x07,
2164          0xc3,
2165          0x78,
2166          0x59,
2167          0xe6,
2168          0x94,
2169          0x08,
2170          0x18,
2171          0xe6,
2172          0x94,
2173          0x00,
2174          0x50,
2175          0x05,
2176          0x76,
2177          0x00,
2178          0x08,
2179          0x76,
2180          0x08,
2181          0xc3,
2182          0x78,
2183          0x5b,
2184          0xe6,
2185          0x94,
2186          0x08,
2187          0x18,
2188          0xe6,
2189          0x94,
2190          0x00,
2191          0x50,
2192          0x05,
2193          0x76,
2194          0x00,
2195          0x08,
2196          0x76,
2197          0x08,
2198          0x78,
2199          0x58,
2200          0x12,
2201          0x0c,
2202          0x54,
2203          0xff,
2204          0xd3,
2205          0x78,
2206          0x55,
2207          0xe6,
2208          0x9f,
2209          0x18,
2210          0xe6,
2211          0x9e,
2212          0x40,
2213          0x0e,
2214          0x78,
2215          0x58,
2216          0xe6,
2217          0x13,
2218          0xfe,
2219          0x08,
2220          0xe6,
2221          0x78,
2222          0x55,
2223          0x12,
2224          0x0c,
C51 COMPILER V9.51   AF                                                                    12/26/2016 20:53:56 PAGE 37  

2225          0x8a,
2226          0x80,
2227          0x04,
2228          0x7e,
2229          0x00,
2230          0x7f,
2231          0x00,
2232          0x78,
2233          0x5c,
2234          0x12,
2235          0x0c,
2236          0x4c,
2237          0xff,
2238          0xd3,
2239          0x78,
2240          0x57,
2241          0xe6,
2242          0x9f,
2243          0x18,
2244          0xe6,
2245          0x9e,
2246          0x40,
2247          0x0e,
2248          0x78,
2249          0x5a,
2250          0xe6,
2251          0x13,
2252          0xfe,
2253          0x08,
2254          0xe6,
2255          0x78,
2256          0x57,
2257          0x12,
2258          0x0c,
2259          0x8a,
2260          0x80,
2261          0x04,
2262          0x7e,
2263          0x00,
2264          0x7f,
2265          0x00,
2266          0xe4,
2267          0xfc,
2268          0xfd,
2269          0x78,
2270          0x60,
2271          0x12,
2272          0x07,
2273          0x4f,
2274          0x78,
2275          0x58,
2276          0x12,
2277          0x0c,
2278          0x54,
2279          0x78,
2280          0x55,
2281          0x26,
2282          0xff,
2283          0xee,
2284          0x18,
2285          0x36,
2286          0xfe,
C51 COMPILER V9.51   AF                                                                    12/26/2016 20:53:56 PAGE 38  

2287          0x78,
2288          0x64,
2289          0x12,
2290          0x0c,
2291          0x4c,
2292          0x78,
2293          0x57,
2294          0x26,
2295          0xff,
2296          0xee,
2297          0x18,
2298          0x36,
2299          0xfe,
2300          0xe4,
2301          0xfc,
2302          0xfd,
2303          0x78,
2304          0x68,
2305          0x12,
2306          0x07,
2307          0x4f,
2308          0x12,
2309          0x0c,
2310          0x5c,
2311          0x78,
2312          0x64,
2313          0x12,
2314          0x07,
2315          0x42,
2316          0xd3,
2317          0x12,
2318          0x07,
2319          0x0e,
2320          0x40,
2321          0x08,
2322          0x12,
2323          0x0c,
2324          0x5c,
2325          0x78,
2326          0x64,
2327          0x12,
2328          0x07,
2329          0x4f,
2330          0x78,
2331          0x52,
2332          0x12,
2333          0x0c,
2334          0x5e,
2335          0x78,
2336          0x68,
2337          0x12,
2338          0x07,
2339          0x42,
2340          0xd3,
2341          0x12,
2342          0x07,
2343          0x0e,
2344          0x40,
2345          0x0a,
2346          0x78,
2347          0x52,
2348          0x12,
C51 COMPILER V9.51   AF                                                                    12/26/2016 20:53:56 PAGE 39  

2349          0x0c,
2350          0x5e,
2351          0x78,
2352          0x68,
2353          0x12,
2354          0x07,
2355          0x4f,
2356          0xe4,
2357          0xfd,
2358          0x78,
2359          0x5f,
2360          0x12,
2361          0x0c,
2362          0x77,
2363          0x24,
2364          0x01,
2365          0x12,
2366          0x0c,
2367          0x40,
2368          0x78,
2369          0x63,
2370          0x12,
2371          0x0c,
2372          0x77,
2373          0x24,
2374          0x02,
2375          0x12,
2376          0x0c,
2377          0x40,
2378          0x78,
2379          0x67,
2380          0x12,
2381          0x0c,
2382          0x77,
2383          0x24,
2384          0x03,
2385          0x12,
2386          0x0c,
2387          0x40,
2388          0x78,
2389          0x6b,
2390          0x12,
2391          0x0c,
2392          0x77,
2393          0x24,
2394          0x04,
2395          0x12,
2396          0x0c,
2397          0x40,
2398          0x0d,
2399          0xbd,
2400          0x05,
2401          0xd4,
2402          0xc2,
2403          0x0e,
2404          0xc2,
2405          0x06,
2406          0x22,
2407          0x85,
2408          0x08,
2409          0x41,
2410          0x90,
C51 COMPILER V9.51   AF                                                                    12/26/2016 20:53:56 PAGE 40  

2411          0x30,
2412          0x24,
2413          0xe0,
2414          0xf5,
2415          0x3d,
2416          0xa3,
2417          0xe0,
2418          0xf5,
2419          0x3e,
2420          0xa3,
2421          0xe0,
2422          0xf5,
2423          0x3f,
2424          0xa3,
2425          0xe0,
2426          0xf5,
2427          0x40,
2428          0xa3,
2429          0xe0,
2430          0xf5,
2431          0x3c,
2432          0xd2,
2433          0x33,
2434          0xe5,
2435          0x41,
2436          0x12,
2437          0x07,
2438          0x67,
2439          0x09,
2440          0xb4,
2441          0x03,
2442          0x09,
2443          0xb8,
2444          0x04,
2445          0x09,
2446          0xbe,
2447          0x05,
2448          0x09,
2449          0xc1,
2450          0x06,
2451          0x09,
2452          0xc4,
2453          0x07,
2454          0x09,
2455          0xcd,
2456          0x08,
2457          0x09,
2458          0xde,
2459          0x12,
2460          0x09,
2461          0xe0,
2462          0x80,
2463          0x09,
2464          0xe5,
2465          0x81,
2466          0x0a,
2467          0x43,
2468          0x8f,
2469          0x0a,
2470          0x32,
2471          0x90,
2472          0x0a,
C51 COMPILER V9.51   AF                                                                    12/26/2016 20:53:56 PAGE 41  

2473          0x43,
2474          0x91,
2475          0x0a,
2476          0x43,
2477          0x92,
2478          0x0a,
2479          0x43,
2480          0x93,
2481          0x0a,
2482          0x43,
2483          0x94,
2484          0x0a,
2485          0x43,
2486          0x98,
2487          0x0a,
2488          0x40,
2489          0x9f,
2490          0x00,
2491          0x00,
2492          0x0a,
2493          0x5e,
2494          0x12,
2495          0x0e,
2496          0xce,
2497          0x22,
2498          0x12,
2499          0x0e,
2500          0xce,
2501          0xd2,
2502          0x03,
2503          0x22,
2504          0xd2,
2505          0x03,
2506          0x22,
2507          0xc2,
2508          0x03,
2509          0x22,
2510          0xa2,
2511          0x36,
2512          0xe4,
2513          0x33,
2514          0xf5,
2515          0x3c,
2516          0x02,
2517          0x0a,
2518          0x43,
2519          0xc2,
2520          0x01,
2521          0xc2,
2522          0x02,
2523          0xc2,
2524          0x03,
2525          0x12,
2526          0x0d,
2527          0x14,
2528          0x75,
2529          0x1e,
2530          0x70,
2531          0xd2,
2532          0x34,
2533          0x02,
2534          0x0a,
C51 COMPILER V9.51   AF                                                                    12/26/2016 20:53:56 PAGE 42  

2535          0x43,
2536          0x80,
2537          0x4d,
2538          0x12,
2539          0x0f,
2540          0x17,
2541          0x80,
2542          0x5e,
2543          0x85,
2544          0x3d,
2545          0x43,
2546          0x85,
2547          0x3e,
2548          0x44,
2549          0xe5,
2550          0x45,
2551          0xc3,
2552          0x13,
2553          0xff,
2554          0xe5,
2555          0x43,
2556          0xc3,
2557          0x9f,
2558          0x50,
2559          0x02,
2560          0x8f,
2561          0x43,
2562          0xe5,
2563          0x46,
2564          0xc3,
2565          0x13,
2566          0xff,
2567          0xe5,
2568          0x44,
2569          0xc3,
2570          0x9f,
2571          0x50,
2572          0x02,
2573          0x8f,
2574          0x44,
2575          0xe5,
2576          0x45,
2577          0xc3,
2578          0x13,
2579          0xff,
2580          0xfd,
2581          0xe5,
2582          0x43,
2583          0x90,
2584          0x0e,
2585          0x7f,
2586          0x12,
2587          0x0e,
2588          0xea,
2589          0x40,
2590          0x04,
2591          0xee,
2592          0x9f,
2593          0xf5,
2594          0x43,
2595          0xe5,
2596          0x46,
C51 COMPILER V9.51   AF                                                                    12/26/2016 20:53:56 PAGE 43  

2597          0xc3,
2598          0x13,
2599          0xff,
2600          0xfd,
2601          0xe5,
2602          0x44,
2603          0x90,
2604          0x0e,
2605          0x80,
2606          0x12,
2607          0x0e,
2608          0xea,
2609          0x40,
2610          0x04,
2611          0xee,
2612          0x9f,
2613          0xf5,
2614          0x44,
2615          0x12,
2616          0x07,
2617          0x8d,
2618          0x80,
2619          0x11,
2620          0x85,
2621          0x40,
2622          0x46,
2623          0x85,
2624          0x3f,
2625          0x45,
2626          0x85,
2627          0x3e,
2628          0x44,
2629          0x85,
2630          0x3d,
2631          0x43,
2632          0x80,
2633          0x03,
2634          0x02,
2635          0x07,
2636          0x8d,
2637          0x90,
2638          0x30,
2639          0x24,
2640          0xe5,
2641          0x3d,
2642          0xf0,
2643          0xa3,
2644          0xe5,
2645          0x3e,
2646          0xf0,
2647          0xa3,
2648          0xe5,
2649          0x3f,
2650          0xf0,
2651          0xa3,
2652          0xe5,
2653          0x40,
2654          0xf0,
2655          0xa3,
2656          0xe5,
2657          0x3c,
2658          0xf0,
C51 COMPILER V9.51   AF                                                                    12/26/2016 20:53:56 PAGE 44  

2659          0x90,
2660          0x30,
2661          0x23,
2662          0xe4,
2663          0xf0,
2664          0x22,
2665          0xc0,
2666          0xe0,
2667          0xc0,
2668          0x83,
2669          0xc0,
2670          0x82,
2671          0xc0,
2672          0xd0,
2673          0x90,
2674          0x3f,
2675          0x0c,
2676          0xe0,
2677          0xf5,
2678          0x32,
2679          0xe5,
2680          0x32,
2681          0x30,
2682          0xe3,
2683          0x4c,
2684          0x30,
2685          0x35,
2686          0x3e,
2687          0x90,
2688          0x60,
2689          0x19,
2690          0xe0,
2691          0xf5,
2692          0x0a,
2693          0xa3,
2694          0xe0,
2695          0xf5,
2696          0x0b,
2697          0x90,
2698          0x60,
2699          0x1d,
2700          0xe0,
2701          0xf5,
2702          0x14,
2703          0xa3,
2704          0xe0,
2705          0xf5,
2706          0x15,
2707          0x30,
2708          0x01,
2709          0x06,
2710          0x30,
2711          0x32,
2712          0x03,
2713          0xd3,
2714          0x80,
2715          0x01,
2716          0xc3,
2717          0x92,
2718          0x09,
2719          0x30,
2720          0x02,
C51 COMPILER V9.51   AF                                                                    12/26/2016 20:53:56 PAGE 45  

2721          0x06,
2722          0x30,
2723          0x32,
2724          0x03,
2725          0xd3,
2726          0x80,
2727          0x01,
2728          0xc3,
2729          0x92,
2730          0x0a,
2731          0x30,
2732          0x32,
2733          0x0c,
2734          0x30,
2735          0x03,
2736          0x09,
2737          0x20,
2738          0x02,
2739          0x06,
2740          0x20,
2741          0x01,
2742          0x03,
2743          0xd3,
2744          0x80,
2745          0x01,
2746          0xc3,
2747          0x92,
2748          0x0b,
2749          0x90,
2750          0x30,
2751          0x01,
2752          0xe0,
2753          0x44,
2754          0x40,
2755          0xf0,
2756          0xe0,
2757          0x54,
2758          0xbf,
2759          0xf0,
2760          0xe5,
2761          0x32,
2762          0x30,
2763          0xe1,
2764          0x14,
2765          0x30,
2766          0x33,
2767          0x11,
2768          0x90,
2769          0x30,
2770          0x22,
2771          0xe0,
2772          0xf5,
2773          0x08,
2774          0xe4,
2775          0xf0,
2776          0x30,
2777          0x00,
2778          0x03,
2779          0xd3,
2780          0x80,
2781          0x01,
2782          0xc3,
C51 COMPILER V9.51   AF                                                                    12/26/2016 20:53:56 PAGE 46  

2783          0x92,
2784          0x08,
2785          0xe5,
2786          0x32,
2787          0x30,
2788          0xe5,
2789          0x12,
2790          0x90,
2791          0x56,
2792          0xa1,
2793          0xe0,
2794          0xf5,
2795          0x09,
2796          0x30,
2797          0x30,
2798          0x09,
2799          0x30,
2800          0x05,
2801          0x03,
2802          0xd3,
2803          0x80,
2804          0x01,
2805          0xc3,
2806          0x92,
2807          0x0d,
2808          0x90,
2809          0x3f,
2810          0x0c,
2811          0xe5,
2812          0x32,
2813          0xf0,
2814          0xd0,
2815          0xd0,
2816          0xd0,
2817          0x82,
2818          0xd0,
2819          0x83,
2820          0xd0,
2821          0xe0,
2822          0x32,
2823          0x90,
2824          0x0e,
2825          0x7d,
2826          0xe4,
2827          0x93,
2828          0xfe,
2829          0x74,
2830          0x01,
2831          0x93,
2832          0xff,
2833          0xc3,
2834          0x90,
2835          0x0e,
2836          0x7b,
2837          0x74,
2838          0x01,
2839          0x93,
2840          0x9f,
2841          0xff,
2842          0xe4,
2843          0x93,
2844          0x9e,
C51 COMPILER V9.51   AF                                                                    12/26/2016 20:53:56 PAGE 47  

2845          0xfe,
2846          0xe4,
2847          0x8f,
2848          0x3b,
2849          0x8e,
2850          0x3a,
2851          0xf5,
2852          0x39,
2853          0xf5,
2854          0x38,
2855          0xab,
2856          0x3b,
2857          0xaa,
2858          0x3a,
2859          0xa9,
2860          0x39,
2861          0xa8,
2862          0x38,
2863          0xaf,
2864          0x49,
2865          0xfc,
2866          0xfd,
2867          0xfe,
2868          0x12,
2869          0x05,
2870          0xf1,
2871          0x12,
2872          0x0e,
2873          0xfc,
2874          0xe4,
2875          0x7b,
2876          0xff,
2877          0xfa,
2878          0xf9,
2879          0xf8,
2880          0x12,
2881          0x06,
2882          0x7c,
2883          0x12,
2884          0x0e,
2885          0xfc,
2886          0x90,
2887          0x0e,
2888          0x69,
2889          0xe4,
2890          0x12,
2891          0x0f,
2892          0x11,
2893          0x12,
2894          0x0e,
2895          0xfc,
2896          0xe4,
2897          0x85,
2898          0x48,
2899          0x37,
2900          0xf5,
2901          0x36,
2902          0xf5,
2903          0x35,
2904          0xf5,
2905          0x34,
2906          0xaf,
C51 COMPILER V9.51   AF                                                                    12/26/2016 20:53:56 PAGE 48  

2907          0x37,
2908          0xae,
2909          0x36,
2910          0xad,
2911          0x35,
2912          0xac,
2913          0x34,
2914          0xa3,
2915          0x12,
2916          0x0f,
2917          0x11,
2918          0x8f,
2919          0x37,
2920          0x8e,
2921          0x36,
2922          0x8d,
2923          0x35,
2924          0x8c,
2925          0x34,
2926          0xe5,
2927          0x3b,
2928          0x45,
2929          0x37,
2930          0xf5,
2931          0x3b,
2932          0xe5,
2933          0x3a,
2934          0x45,
2935          0x36,
2936          0xf5,
2937          0x3a,
2938          0xe5,
2939          0x39,
2940          0x45,
2941          0x35,
2942          0xf5,
2943          0x39,
2944          0xe5,
2945          0x38,
2946          0x45,
2947          0x34,
2948          0xf5,
2949          0x38,
2950          0xe4,
2951          0xf5,
2952          0x22,
2953          0xf5,
2954          0x23,
2955          0x85,
2956          0x3b,
2957          0x31,
2958          0x85,
2959          0x3a,
2960          0x30,
2961          0x85,
2962          0x39,
2963          0x2f,
2964          0x85,
2965          0x38,
2966          0x2e,
2967          0x02,
2968          0x0d,
C51 COMPILER V9.51   AF                                                                    12/26/2016 20:53:56 PAGE 49  

2969          0xc5,
2970          0xad,
2971          0x39,
2972          0xac,
2973          0x38,
2974          0xfa,
2975          0xf9,
2976          0xf8,
2977          0x12,
2978          0x05,
2979          0xf1,
2980          0x8f,
2981          0x3b,
2982          0x8e,
2983          0x3a,
2984          0x8d,
2985          0x39,
2986          0x8c,
2987          0x38,
2988          0xab,
2989          0x37,
2990          0xaa,
2991          0x36,
2992          0xa9,
2993          0x35,
2994          0xa8,
2995          0x34,
2996          0x22,
2997          0xef,
2998          0x25,
2999          0xe0,
3000          0x24,
3001          0x4c,
3002          0xf8,
3003          0xe6,
3004          0xfc,
3005          0x08,
3006          0xe6,
3007          0xfd,
3008          0x22,
3009          0x93,
3010          0xff,
3011          0xe4,
3012          0xfc,
3013          0xfd,
3014          0xfe,
3015          0x12,
3016          0x05,
3017          0xf1,
3018          0x8f,
3019          0x37,
3020          0x8e,
3021          0x36,
3022          0x8d,
3023          0x35,
3024          0x8c,
3025          0x34,
3026          0x22,
3027          0xf9,
3028          0xc3,
3029          0xe6,
3030          0x97,
C51 COMPILER V9.51   AF                                                                    12/26/2016 20:53:56 PAGE 50  

3031          0x18,
3032          0xe6,
3033          0x19,
3034          0x97,
3035          0x22,
3036          0xff,
3037          0xa6,
3038          0x06,
3039          0x08,
3040          0xa6,
3041          0x07,
3042          0x22,
3043          0xe6,
3044          0xfe,
3045          0x08,
3046          0xe6,
3047          0xff,
3048          0xe4,
3049          0x8f,
3050          0x37,
3051          0x8e,
3052          0x36,
3053          0xf5,
3054          0x35,
3055          0xf5,
3056          0x34,
3057          0x22,
3058          0xe6,
3059          0xfe,
3060          0x08,
3061          0xe6,
3062          0xff,
3063          0xe4,
3064          0x8f,
3065          0x3b,
3066          0x8e,
3067          0x3a,
3068          0xf5,
3069          0x39,
3070          0xf5,
3071          0x38,
3072          0x22,
3073          0xe7,
3074          0x96,
3075          0xff,
3076          0x19,
3077          0xe7,
3078          0x18,
3079          0x96,
3080          0x22,
3081          0xff,
3082          0xa6,
3083          0x06,
3084          0x08,
3085          0xa6,
3086          0x07,
3087          0x78,
3088          0x6c,
3089          0xe6,
3090          0xfe,
3091          0x08,
3092          0xe6,
C51 COMPILER V9.51   AF                                                                    12/26/2016 20:53:56 PAGE 51  

3093          0x22,
3094          0x78,
3095          0x4c,
3096          0xe6,
3097          0xfe,
3098          0x08,
3099          0xe6,
3100          0x22,
3101          0x78,
3102          0xa7,
3103          0xef,
3104          0x26,
3105          0xf6,
3106          0x18,
3107          0xe4,
3108          0x36,
3109          0xf6,
3110          0x22,
3111          0x78,
3112          0x50,
3113          0x7e,
3114          0x00,
3115          0xe6,
3116          0xfc,
3117          0x08,
3118          0xe6,
3119          0xfd,
3120          0x12,
3121          0x05,
3122          0x8a,
3123          0x7c,
3124          0x00,
3125          0x22,
3126          0xe0,
3127          0xa3,
3128          0xe0,
3129          0x75,
3130          0xf0,
3131          0x02,
3132          0xa4,
3133          0xff,
3134          0xae,
3135          0xf0,
3136          0xc3,
3137          0x08,
3138          0xe6,
3139          0x9f,
3140          0xf6,
3141          0x18,
3142          0xe6,
3143          0x9e,
3144          0xf6,
3145          0x22,
3146          0xff,
3147          0xe5,
3148          0xf0,
3149          0x34,
3150          0x60,
3151          0x8f,
3152          0x82,
3153          0xf5,
3154          0x83,
C51 COMPILER V9.51   AF                                                                    12/26/2016 20:53:56 PAGE 52  

3155          0xec,
3156          0xf0,
3157          0x22,
3158          0xe4,
3159          0xfc,
3160          0xfd,
3161          0x12,
3162          0x07,
3163          0x4f,
3164          0x78,
3165          0x5a,
3166          0xe6,
3167          0xc3,
3168          0x13,
3169          0xfe,
3170          0x08,
3171          0xe6,
3172          0x13,
3173          0x22,
3174          0x78,
3175          0x50,
3176          0xe6,
3177          0xfe,
3178          0x08,
3179          0xe6,
3180          0xff,
3181          0xe4,
3182          0xfc,
3183          0xfd,
3184          0x22,
3185          0xe7,
3186          0xc4,
3187          0xf8,
3188          0x54,
3189          0xf0,
3190          0xc8,
3191          0x68,
3192          0xf7,
3193          0x09,
3194          0xe7,
3195          0xc4,
3196          0x54,
3197          0x0f,
3198          0x48,
3199          0xf7,
3200          0x22,
3201          0xe6,
3202          0xfc,
3203          0xed,
3204          0x75,
3205          0xf0,
3206          0x04,
3207          0xa4,
3208          0x22,
3209          0xe0,
3210          0xfe,
3211          0xa3,
3212          0xe0,
3213          0xfd,
3214          0xee,
3215          0xf6,
3216          0xed,
C51 COMPILER V9.51   AF                                                                    12/26/2016 20:53:56 PAGE 53  

3217          0x08,
3218          0xf6,
3219          0x22,
3220          0x13,
3221          0xff,
3222          0xc3,
3223          0xe6,
3224          0x9f,
3225          0xff,
3226          0x18,
3227          0xe6,
3228          0x9e,
3229          0xfe,
3230          0x22,
3231          0xe6,
3232          0xc3,
3233          0x13,
3234          0xf7,
3235          0x08,
3236          0xe6,
3237          0x13,
3238          0x09,
3239          0xf7,
3240          0x22,
3241          0x75,
3242          0x89,
3243          0x03,
3244          0x75,
3245          0xa8,
3246          0x01,
3247          0x75,
3248          0xb8,
3249          0x04,
3250          0x75,
3251          0x34,
3252          0xff,
3253          0x75,
3254          0x35,
3255          0x0e,
3256          0x75,
3257          0x36,
3258          0x15,
3259          0x75,
3260          0x37,
3261          0x0d,
3262          0x12,
3263          0x0d,
3264          0x85,
3265          0x12,
3266          0x00,
3267          0x09,
3268          0x12,
3269          0x0f,
3270          0x17,
3271          0x12,
3272          0x00,
3273          0x06,
3274          0xd2,
3275          0x00,
3276          0xd2,
3277          0x33,
3278          0xd2,
C51 COMPILER V9.51   AF                                                                    12/26/2016 20:53:56 PAGE 54  

3279          0xaf,
3280          0x75,
3281          0x34,
3282          0xff,
3283          0x75,
3284          0x35,
3285          0x0e,
3286          0x75,
3287          0x36,
3288          0x49,
3289          0x75,
3290          0x37,
3291          0x03,
3292          0x12,
3293          0x0d,
3294          0x85,
3295          0x30,
3296          0x08,
3297          0x09,
3298          0xc2,
3299          0x33,
3300          0x12,
3301          0x09,
3302          0x5d,
3303          0xc2,
3304          0x08,
3305          0xd2,
3306          0x33,
3307          0x30,
3308          0x0b,
3309          0x09,
3310          0xc2,
3311          0x35,
3312          0x12,
3313          0x00,
3314          0x0e,
3315          0xc2,
3316          0x0b,
3317          0xd2,
3318          0x35,
3319          0x30,
3320          0x09,
3321          0x09,
3322          0xc2,
3323          0x35,
3324          0x12,
3325          0x03,
3326          0x0a,
3327          0xc2,
3328          0x09,
3329          0xd2,
3330          0x35,
3331          0x30,
3332          0x0e,
3333          0x03,
3334          0x12,
3335          0x07,
3336          0x8d,
3337          0x30,
3338          0x34,
3339          0xd3,
3340          0x90,
C51 COMPILER V9.51   AF                                                                    12/26/2016 20:53:56 PAGE 55  

3341          0x30,
3342          0x29,
3343          0xe5,
3344          0x1e,
3345          0xf0,
3346          0xb4,
3347          0x10,
3348          0x05,
3349          0x90,
3350          0x30,
3351          0x23,
3352          0xe4,
3353          0xf0,
3354          0xc2,
3355          0x34,
3356          0x80,
3357          0xc1,
3358          0xe4,
3359          0xf5,
3360          0x49,
3361          0x90,
3362          0x0e,
3363          0x77,
3364          0x93,
3365          0xff,
3366          0xe4,
3367          0x8f,
3368          0x37,
3369          0xf5,
3370          0x36,
3371          0xf5,
3372          0x35,
3373          0xf5,
3374          0x34,
3375          0xaf,
3376          0x37,
3377          0xae,
3378          0x36,
3379          0xad,
3380          0x35,
3381          0xac,
3382          0x34,
3383          0x90,
3384          0x0e,
3385          0x6a,
3386          0x12,
3387          0x0f,
3388          0x11,
3389          0x8f,
3390          0x37,
3391          0x8e,
3392          0x36,
3393          0x8d,
3394          0x35,
3395          0x8c,
3396          0x34,
3397          0x90,
3398          0x0e,
3399          0x72,
3400          0x12,
3401          0x07,
3402          0x32,
C51 COMPILER V9.51   AF                                                                    12/26/2016 20:53:56 PAGE 56  

3403          0xef,
3404          0x45,
3405          0x37,
3406          0xf5,
3407          0x37,
3408          0xee,
3409          0x45,
3410          0x36,
3411          0xf5,
3412          0x36,
3413          0xed,
3414          0x45,
3415          0x35,
3416          0xf5,
3417          0x35,
3418          0xec,
3419          0x45,
3420          0x34,
3421          0xf5,
3422          0x34,
3423          0xe4,
3424          0xf5,
3425          0x22,
3426          0xf5,
3427          0x23,
3428          0x85,
3429          0x37,
3430          0x31,
3431          0x85,
3432          0x36,
3433          0x30,
3434          0x85,
3435          0x35,
3436          0x2f,
3437          0x85,
3438          0x34,
3439          0x2e,
3440          0x12,
3441          0x0d,
3442          0xc5,
3443          0xe4,
3444          0xf5,
3445          0x22,
3446          0xf5,
3447          0x23,
3448          0x90,
3449          0x0e,
3450          0x72,
3451          0x12,
3452          0x0f,
3453          0x05,
3454          0x12,
3455          0x0d,
3456          0xc5,
3457          0xe4,
3458          0xf5,
3459          0x22,
3460          0xf5,
3461          0x23,
3462          0x90,
3463          0x0e,
3464          0x6e,
C51 COMPILER V9.51   AF                                                                    12/26/2016 20:53:56 PAGE 57  

3465          0x12,
3466          0x0f,
3467          0x05,
3468          0x02,
3469          0x0d,
3470          0xc5,
3471          0xae,
3472          0x35,
3473          0xaf,
3474          0x36,
3475          0xe4,
3476          0xfd,
3477          0xed,
3478          0xc3,
3479          0x95,
3480          0x37,
3481          0x50,
3482          0x33,
3483          0x12,
3484          0x0f,
3485          0x52,
3486          0xe4,
3487          0x93,
3488          0xf5,
3489          0x38,
3490          0x74,
3491          0x01,
3492          0x93,
3493          0xf5,
3494          0x39,
3495          0x45,
3496          0x38,
3497          0x60,
3498          0x23,
3499          0x85,
3500          0x39,
3501          0x82,
3502          0x85,
3503          0x38,
3504          0x83,
3505          0xe0,
3506          0xfc,
3507          0x12,
3508          0x0f,
3509          0x52,
3510          0x74,
3511          0x03,
3512          0x93,
3513          0x52,
3514          0x04,
3515          0x12,
3516          0x0f,
3517          0x52,
3518          0x74,
3519          0x02,
3520          0x93,
3521          0x42,
3522          0x04,
3523          0x85,
3524          0x39,
3525          0x82,
3526          0x85,
C51 COMPILER V9.51   AF                                                                    12/26/2016 20:53:56 PAGE 58  

3527          0x38,
3528          0x83,
3529          0xec,
3530          0xf0,
3531          0x0d,
3532          0x80,
3533          0xc7,
3534          0x22,
3535          0xa2,
3536          0xaf,
3537          0x92,
3538          0x31,
3539          0xc2,
3540          0xaf,
3541          0xe5,
3542          0x23,
3543          0x45,
3544          0x22,
3545          0x90,
3546          0x0e,
3547          0x5d,
3548          0x60,
3549          0x0b,
3550          0x12,
3551          0x0f,
3552          0x47,
3553          0xe0,
3554          0xf5,
3555          0x2c,
3556          0xe0,
3557          0xf5,
3558          0x2d,
3559          0x80,
3560          0x0f,
3561          0x12,
3562          0x0f,
3563          0x47,
3564          0xe5,
3565          0x30,
3566          0xf0,
3567          0x90,
3568          0x0e,
3569          0x5f,
3570          0x12,
3571          0x0f,
3572          0x47,
3573          0xe5,
3574          0x31,
3575          0xf0,
3576          0xa2,
3577          0x31,
3578          0x92,
3579          0xaf,
3580          0x22,
3581          0x78,
3582          0x7f,
3583          0xe4,
3584          0xf6,
3585          0xd8,
3586          0xfd,
3587          0x75,
3588          0x81,
C51 COMPILER V9.51   AF                                                                    12/26/2016 20:53:56 PAGE 59  

3589          0xcb,
3590          0x02,
3591          0x0c,
3592          0x9f,
3593          0x00,
3594          0x11,
3595          0x05,
3596          0x25,
3597          0x16,
3598          0x33,
3599          0x02,
3600          0x50,
3601          0x72,
3602          0x6f,
3603          0x66,
3604          0x69,
3605          0x74,
3606          0x20,
3607          0x20,
3608          0x14,
3609          0x00,
3610          0x10,
3611          0x00,
3612          0x56,
3613          0x40,
3614          0x1a,
3615          0x30,
3616          0x29,
3617          0x7e,
3618          0x00,
3619          0x30,
3620          0x04,
3621          0x20,
3622          0xdf,
3623          0x30,
3624          0x05,
3625          0x40,
3626          0xbf,
3627          0x50,
3628          0x03,
3629          0x00,
3630          0xfd,
3631          0x50,
3632          0x27,
3633          0x01,
3634          0xfe,
3635          0x60,
3636          0x00,
3637          0x11,
3638          0x00,
3639          0x3f,
3640          0x05,
3641          0x30,
3642          0x00,
3643          0x3f,
3644          0x06,
3645          0x22,
3646          0x00,
3647          0x3f,
3648          0x01,
3649          0x2a,
3650          0x00,
C51 COMPILER V9.51   AF                                                                    12/26/2016 20:53:56 PAGE 60  

3651          0x3f,
3652          0x02,
3653          0x00,
3654          0x00,
3655          0x36,
3656          0x06,
3657          0x07,
3658          0x00,
3659          0x3f,
3660          0x0b,
3661          0x0f,
3662          0xf0,
3663          0x00,
3664          0x00,
3665          0x00,
3666          0x00,
3667          0x30,
3668          0x01,
3669          0x40,
3670          0xbf,
3671          0x30,
3672          0x01,
3673          0x00,
3674          0xbf,
3675          0x30,
3676          0x29,
3677          0x70,
3678          0x00,
3679          0x3a,
3680          0x00,
3681          0x00,
3682          0xff,
3683          0x3a,
3684          0x00,
3685          0x00,
3686          0xff,
3687          0x36,
3688          0x03,
3689          0x36,
3690          0x02,
3691          0x41,
3692          0x44,
3693          0x58,
3694          0x20,
3695          0x18,
3696          0x10,
3697          0x0a,
3698          0x04,
3699          0x04,
3700          0x00,
3701          0x03,
3702          0xff,
3703          0x64,
3704          0x00,
3705          0x00,
3706          0x80,
3707          0x00,
3708          0x00,
3709          0x00,
3710          0x00,
3711          0x00,
3712          0x00,
C51 COMPILER V9.51   AF                                                                    12/26/2016 20:53:56 PAGE 61  

3713          0x02,
3714          0x04,
3715          0x06,
3716          0x00,
3717          0x03,
3718          0x98,
3719          0x00,
3720          0xcc,
3721          0x50,
3722          0x3c,
3723          0x28,
3724          0x1e,
3725          0x0c,
3726          0x0c,
3727          0x00,
3728          0x00,
3729          0x10,
3730          0x0c,
3731          0x10,
3732          0x04,
3733          0x0c,
3734          0x6e,
3735          0x06,
3736          0x05,
3737          0x00,
3738          0xa5,
3739          0x5a,
3740          0x78,
3741          0xbc,
3742          0xe6,
3743          0xd3,
3744          0x08,
3745          0xff,
3746          0xe6,
3747          0x64,
3748          0x80,
3749          0xf8,
3750          0xef,
3751          0x64,
3752          0x80,
3753          0x98,
3754          0x22,
3755          0x93,
3756          0xff,
3757          0x7e,
3758          0x00,
3759          0xe6,
3760          0xfc,
3761          0x08,
3762          0xe6,
3763          0xfd,
3764          0x12,
3765          0x05,
3766          0x8a,
3767          0x78,
3768          0xbf,
3769          0xe6,
3770          0xfc,
3771          0x08,
3772          0xe6,
3773          0xfd,
3774          0xd3,
C51 COMPILER V9.51   AF                                                                    12/26/2016 20:53:56 PAGE 62  

3775          0xef,
3776          0x9d,
3777          0xee,
3778          0x9c,
3779          0x22,
3780          0x78,
3781          0xbb,
3782          0xd3,
3783          0xe6,
3784          0x64,
3785          0x80,
3786          0x94,
3787          0x80,
3788          0x22,
3789          0x25,
3790          0xe0,
3791          0x24,
3792          0x0a,
3793          0xf8,
3794          0xe6,
3795          0xfe,
3796          0x08,
3797          0xe6,
3798          0xff,
3799          0x22,
3800          0xd2,
3801          0x01,
3802          0xc2,
3803          0x02,
3804          0xe4,
3805          0xf5,
3806          0x1f,
3807          0xf5,
3808          0x1e,
3809          0xd2,
3810          0x34,
3811          0xd2,
3812          0x32,
3813          0xd2,
3814          0x35,
3815          0xd2,
3816          0x01,
3817          0xc2,
3818          0x02,
3819          0xf5,
3820          0x1f,
3821          0xf5,
3822          0x1e,
3823          0xd2,
3824          0x34,
3825          0xd2,
3826          0x32,
3827          0x22,
3828          0x2d,
3829          0xfd,
3830          0xe4,
3831          0x33,
3832          0xfc,
3833          0xe4,
3834          0x93,
3835          0xfe,
3836          0xfb,
C51 COMPILER V9.51   AF                                                                    12/26/2016 20:53:56 PAGE 63  

3837          0xd3,
3838          0xed,
3839          0x9b,
3840          0x74,
3841          0x80,
3842          0xf8,
3843          0x6c,
3844          0x98,
3845          0x22,
3846          0x8f,
3847          0x3b,
3848          0x8e,
3849          0x3a,
3850          0x8d,
3851          0x39,
3852          0x8c,
3853          0x38,
3854          0x22,
3855          0x12,
3856          0x07,
3857          0x32,
3858          0x8f,
3859          0x31,
3860          0x8e,
3861          0x30,
3862          0x8d,
3863          0x2f,
3864          0x8c,
3865          0x2e,
3866          0x22,
3867          0x93,
3868          0xf9,
3869          0xf8,
3870          0x02,
3871          0x07,
3872          0x1f,
3873          0x90,
3874          0x0e,
3875          0x81,
3876          0x12,
3877          0x07,
3878          0x32,
3879          0x8f,
3880          0x46,
3881          0x8e,
3882          0x45,
3883          0x8d,
3884          0x44,
3885          0x8c,
3886          0x43,
3887          0xd2,
3888          0x06,
3889          0x30,
3890          0x06,
3891          0x03,
3892          0xd3,
3893          0x80,
3894          0x01,
3895          0xc3,
3896          0x92,
3897          0x0e,
3898          0x22,
C51 COMPILER V9.51   AF                                                                    12/26/2016 20:53:56 PAGE 64  

3899          0xc0,
3900          0xe0,
3901          0xc0,
3902          0x83,
3903          0xc0,
3904          0x82,
3905          0x90,
3906          0x3f,
3907          0x0d,
3908          0xe0,
3909          0xf5,
3910          0x33,
3911          0xe5,
3912          0x33,
3913          0xf0,
3914          0xd0,
3915          0x82,
3916          0xd0,
3917          0x83,
3918          0xd0,
3919          0xe0,
3920          0x32,
3921          0xe4,
3922          0x93,
3923          0xfe,
3924          0x74,
3925          0x01,
3926          0x93,
3927          0xf5,
3928          0x82,
3929          0x8e,
3930          0x83,
3931          0x22,
3932          0x8f,
3933          0x82,
3934          0x8e,
3935          0x83,
3936          0x75,
3937          0xf0,
3938          0x04,
3939          0xed,
3940          0x02,
3941          0x07,
3942          0x5b     //// SCCB address 0x8f5c
3943          
3944          };
3945          //--->
3946          //{0x3022, 0x00},
3947          //{0x3023, 0x00},
3948          //{0x3024, 0x00},
3949          //{0x3025, 0x00},
3950          //{0x3026, 0x00},
3951          //{0x3027, 0x00},
3952          //{0x3028, 0x00},
3953          //{0x3029, 0xFF},
3954          //{0x3000, 0x00},
3955          //{0x3004, 0xFF},
3956          //{0, 0},
3957          //{0, 0},
3958          //{0, 0},
3959          //{0, 0},
3960          
C51 COMPILER V9.51   AF                                                                    12/26/2016 20:53:56 PAGE 65  

3961          // end of file


MODULE INFORMATION:   STATIC OVERLAYABLE
   CODE SIZE        =   ----    ----
   CONSTANT SIZE    =   3933    ----
   XDATA SIZE       =   ----    ----
   PDATA SIZE       =   ----    ----
   DATA SIZE        =   ----    ----
   IDATA SIZE       =   ----    ----
   BIT SIZE         =   ----    ----
END OF MODULE INFORMATION.


C51 COMPILATION COMPLETE.  0 WARNING(S),  0 ERROR(S)
