C51 COMPILER V9.51   EDID                                                                  12/26/2016 20:53:56 PAGE 1   


C51 COMPILER V9.51, COMPILATION OF MODULE EDID
OBJECT MODULE PLACED IN ..\outputs\EDID.obj
COMPILER INVOKED BY: d:\Keil\C51\BIN\C51.EXE ..\lib\EDID.c BROWSE INCDIR(..\inc) DEBUG OBJECTEXTEND PRINT(.\EDID.lst) TA
                    -BS(2) OBJECT(..\outputs\EDID.obj)

line level    source

   1          #include <compiler_defs.h>
   2          #include <EDID.h>
   3          
   4          U8 code EDID_BASE_BLOCK_1920X1080[128] =
   5          {
   6                  0x00,  0xFF,  0xFF,  0xFF,  0xFF,  0xFF,  0xFF,  0x00,  0x1E,  0x6D,
   7                  0x01,  0x00,  0x01,  0x01,  0x01,  0x01,  0x01,  0x17,  0x01,  0x03,
   8                  0x80,  0xA0,  0x5A,  0x78,  0x0A,  0xEE,  0x91,  0xA3,  0x54,  0x4C,
   9                  0x99,  0x26,  0x0F,  0x50,  0x54,  0xA1,  0x08,  0x00,  0x31,  0x40,
  10                  0x45,  0x40,  0x61,  0x40,  0x71,  0x40,  0x81,  0x80,  0x01,  0x01,
  11                  0x01,  0x01,  0x01,  0x01,  0x02,  0x3A,  0x80,  0x18,  0x71,  0x38,
  12                  0x2D,  0x40,  0x58,  0x2C,  0x45,  0x00,  0x40,  0x84,  0x63,  0x00,
  13                  0x00,  0x1E,  0x66,  0x21,  0x50,  0xB0,  0x51,  0x00,  0x1B,  0x30,
  14                  0x40,  0x70,  0x36,  0x00,  0x40,  0x84,  0x63,  0x00,  0x00,  0x1E,
  15                  0x00,  0x00,  0x00,  0xFD,  0x00,  0x3A,  0x3E,  0x1E,  0x53,  0x10,
  16                  0x00,  0x0A,  0x20,  0x20,  0x20,  0x20,  0x20,  0x20,  0x00,  0x00,
  17                  0x00,  0xFC,  0x00,  0x4C,  0x47,  0x20,  0x54,  0x56,  0x0A,  0x20,
  18                  0x20,  0x20,  0x20,  0x20,  0x20,  0x20,  0x01,  0xE8
  19          };


MODULE INFORMATION:   STATIC OVERLAYABLE
   CODE SIZE        =   ----    ----
   CONSTANT SIZE    =    128    ----
   XDATA SIZE       =   ----    ----
   PDATA SIZE       =   ----    ----
   DATA SIZE        =   ----    ----
   IDATA SIZE       =   ----    ----
   BIT SIZE         =   ----    ----
END OF MODULE INFORMATION.


C51 COMPILATION COMPLETE.  0 WARNING(S),  0 ERROR(S)
