C51 COMPILER V9.51   OV5640                                                                12/26/2016 20:53:57 PAGE 1   


C51 COMPILER V9.51, COMPILATION OF MODULE OV5640
OBJECT MODULE PLACED IN ..\outputs\OV5640.obj
COMPILER INVOKED BY: d:\Keil\C51\BIN\C51.EXE ..\lib\OV5640.c BROWSE INCDIR(..\inc) DEBUG OBJECTEXTEND PRINT(.\OV5640.lst
                    -) TABS(2) OBJECT(..\outputs\OV5640.obj)

line level    source

   1          #include <compiler_defs.h>
   2          #include <OV5640.h>
   3          
   4          U16 code OV5640_INITI_1920x1080[250][2] = {
   5          
   6            {0x3103, 0x11},
   7            {0x3008, 0x82},
   8            {0x3008, 0x42},
   9            {0x3103, 0x03},
  10            {0x3017, 0xff},
  11            {0x3034, 0x1a},
  12            {0x3037, 0x13},
  13            {0x3108, 0x01},
  14            {0x3630, 0x36},
  15            {0x3631, 0x0e},
  16            {0x3632, 0xe2},
  17            {0x3633, 0x12},
  18            {0x3621, 0xe0},
  19            {0x3704, 0xa0},
  20            {0x3703, 0x5a},
  21            {0x3715, 0x78},
  22            {0x3717, 0x01},
  23            {0x370b, 0x60},
  24            {0x3705, 0x1a},
  25            {0x3905, 0x02},
  26            {0x3906, 0x10},
  27            {0x3901, 0x0a},
  28            {0x3731, 0x12},
  29            {0x3600, 0x08},
  30            {0x3601, 0x33},
  31            {0x302d, 0x60},
  32            {0x3620, 0x52},
  33            {0x371b, 0x20},
  34            {0x471c, 0x50},
  35            {0x3a13, 0x43},
  36            {0x3a18, 0x00},
  37            {0x3a19, 0xf8},
  38            {0x3635, 0x13},
  39            {0x3636, 0x03},
  40            {0x3634, 0x40},
  41            {0x3622, 0x01},
  42            //50/60Hz detection
  43            {0x3c01, 0x34},
  44            {0x3c04, 0x28},
  45            {0x3c05, 0x98},
  46            {0x3c06, 0x00},
  47            {0x3c07, 0x08},
  48            {0x3c08, 0x00},
  49            {0x3c09, 0x1c},
  50            {0x3c0a, 0x9c},
  51            {0x3c0b, 0x40},
  52            //
  53            {0x3810, 0x00},
  54            {0x3811, 0x10},
C51 COMPILER V9.51   OV5640                                                                12/26/2016 20:53:57 PAGE 2   

  55            {0x3812, 0x00},
  56            {0x3708, 0x64},
  57            {0x4001, 0x02},
  58            {0x4005, 0x1a},
  59            {0x3000, 0x00},
  60            {0x3004, 0xff},
  61            {0x300e, 0x58},
  62            {0x302e, 0x00},
  63            {0x4300, 0x00},   //output format, BGBG.../GRGR...
  64            {0x501f, 0x03},   //format MUX, ISP RAW{DPC}
  65            {0x440e, 0x00},
  66            {0x5000, 0xa7},
  67            //AEC
  68            {0x3a0f, 0x30},
  69            {0x3a10, 0x28},
  70            {0x3a1b, 0x30},
  71            {0x3a1e, 0x26},
  72            {0x3a11, 0x60},
  73            {0x3a1f, 0x14},
  74            //Lens correction
  75            {0x5800, 0x23},
  76            {0x5801, 0x14},
  77            {0x5802, 0x0f},
  78            {0x5803, 0x0f},
  79            {0x5804, 0x12},
  80            {0x5805, 0x26},
  81            {0x5806, 0x0c},
  82            {0x5807, 0x08},
  83            {0x5808, 0x05},
  84            {0x5809, 0x05},
  85            {0x580a, 0x08},
  86            {0x580b, 0x0d},
  87            {0x580c, 0x08},
  88            {0x580d, 0x03},
  89            {0x580e, 0x00},
  90            {0x580f, 0x00},
  91            {0x5810, 0x03},
  92            {0x5811, 0x09},
  93            {0x5812, 0x07},
  94            {0x5813, 0x03},
  95            {0x5814, 0x00},
  96            {0x5815, 0x01},
  97            {0x5816, 0x03},
  98            {0x5817, 0x08},
  99            {0x5818, 0x0d},
 100            {0x5819, 0x08},
 101            {0x581a, 0x05},
 102            {0x581b, 0x06},
 103            {0x581c, 0x08},
 104            {0x581d, 0x0e},
 105            {0x581e, 0x29},
 106            {0x581f, 0x17},
 107            {0x5820, 0x11},
 108            {0x5821, 0x11},
 109            {0x5822, 0x15},
 110            {0x5823, 0x28},
 111            {0x5824, 0x46},
 112            {0x5825, 0x26},
 113            {0x5826, 0x08},
 114            {0x5827, 0x26},
 115            {0x5828, 0x64},
 116            {0x5829, 0x26},
C51 COMPILER V9.51   OV5640                                                                12/26/2016 20:53:57 PAGE 3   

 117            {0x582a, 0x24},
 118            {0x582b, 0x22},
 119            {0x582c, 0x24},
 120            {0x582d, 0x24},
 121            {0x582e, 0x06},
 122            {0x582f, 0x22},
 123            {0x5830, 0x40},
 124            {0x5831, 0x42},
 125            {0x5832, 0x24},
 126            {0x5833, 0x26},
 127            {0x5834, 0x24},
 128            {0x5835, 0x22},
 129            {0x5836, 0x22},
 130            {0x5837, 0x26},
 131            {0x5838, 0x44},
 132            {0x5839, 0x24},
 133            {0x583a, 0x26},
 134            {0x583b, 0x28},
 135            {0x583c, 0x42},
 136            {0x583d, 0xce},
 137            //AWB
 138            {0x5180, 0xff},
 139            {0x5181, 0xf2},
 140            {0x5182, 0x00},
 141            {0x5183, 0x14},
 142            {0x5184, 0x25},
 143            {0x5185, 0x24},
 144            {0x5186, 0x09},
 145            {0x5187, 0x09},
 146            {0x5188, 0x09},
 147            {0x5189, 0x75},
 148            {0x518a, 0x54},
 149            {0x518b, 0xe0},
 150            {0x518c, 0xb2},
 151            {0x518d, 0x42},
 152            {0x518e, 0x3d},
 153            {0x518f, 0x56},
 154            {0x5190, 0x46},
 155            {0x5191, 0xf8},
 156            {0x5192, 0x04},
 157            {0x5193, 0x70},
 158            {0x5194, 0xf0},
 159            {0x5195, 0xf0},
 160            {0x5196, 0x03},
 161            {0x5197, 0x01},
 162            {0x5198, 0x04},
 163            {0x5199, 0x12},
 164            {0x519a, 0x04},
 165            {0x519b, 0x00},
 166            {0x519c, 0x06},
 167            {0x519d, 0x82},
 168            {0x519e, 0x38},
 169            //Gamma
 170            {0x5480, 0x01},
 171            {0x5481, 0x08},
 172            {0x5482, 0x14},
 173            {0x5483, 0x28},
 174            {0x5484, 0x51},
 175            {0x5485, 0x65},
 176            {0x5486, 0x71},
 177            {0x5487, 0x7d},
 178            {0x5488, 0x87},
C51 COMPILER V9.51   OV5640                                                                12/26/2016 20:53:57 PAGE 4   

 179            {0x5489, 0x91},
 180            {0x548a, 0x9a},
 181            {0x548b, 0xaa},
 182            {0x548c, 0xb8},
 183            {0x548d, 0xcd},
 184            {0x548e, 0xdd},
 185            {0x548f, 0xea},
 186            {0x5490, 0x1d},
 187            //color matrix
 188            {0x5381, 0x1e},
 189            {0x5382, 0x5b},
 190            {0x5383, 0x08},
 191            {0x5384, 0x0a},
 192            {0x5385, 0x7e},
 193            {0x5386, 0x88},
 194            {0x5387, 0x7c},
 195            {0x5388, 0x6c},
 196            {0x5389, 0x10},
 197            {0x538a, 0x01},
 198            {0x538b, 0x98},
 199            //UV adjust
 200            {0x5300, 0x08},
 201            {0x5301, 0x30},
 202            {0x5302, 0x10},
 203            {0x5303, 0x00},
 204            {0x5304, 0x08},
 205            {0x5305, 0x30},
 206            {0x5306, 0x08},
 207            {0x5307, 0x16},
 208            {0x5309, 0x08},
 209            {0x530a, 0x30},
 210            {0x530b, 0x04},
 211            {0x530c, 0x06},
 212            //
 213            {0x5025, 0x00},
 214            {0x3008, 0x02},
 215            //1920x1080@30fps
 216            {0x3035, 0x21},     //84Mhz PCLK
 217            {0x3036, 0x69},
 218            {0x3c07, 0x07},
 219            {0x3820, 0x46},     //
 220            {0x3821, 0x00},     //h binning
 221            {0x3814, 0x11},     //subsample
 222            {0x3815, 0x11},     //subsample
 223            {0x3800, 0x00},         //01
 224            {0x3801, 0x00},         //40
 225            {0x3802, 0x00},         //01
 226            {0x3803, 0x00},         //ac
 227            {0x3804, 0x07},         //08
 228            {0x3805, 0x9f},         //e0
 229            {0x3806, 0x04},         //05
 230            {0x3807, 0x3f},         //ec
 231            {0x3808, 0x07},     //
 232            {0x3809, 0x80},     //
 233            {0x380a, 0x04},     //
 234            {0x380b, 0x38},     //
 235            {0x380c, 0x0b},
 236            {0x380d, 0x1c},
 237            {0x380e, 0x07},
 238            {0x380f, 0xb0},
 239            {0x3813, 0x04},
 240            {0x3618, 0x00},
C51 COMPILER V9.51   OV5640                                                                12/26/2016 20:53:57 PAGE 5   

 241            {0x3612, 0x29},
 242            {0x3709, 0x52},
 243            {0x370c, 0x03},
 244            {0x3a02, 0x02},
 245            {0x3a03, 0xe0},
 246            {0x3a08, 0x00},     //?
 247            {0x3a09, 0x6f},     //?
 248            {0x3a0a, 0x00},     //?
 249            {0x3a0b, 0x5c},     //?
 250            {0x3a0e, 0x06},     //?
 251            {0x3a0d, 0x08},     //?
 252            {0x3a14, 0x02},
 253            {0x3a15, 0xe0},
 254            {0x4004, 0x02},
 255            {0x3002, 0x1c},
 256            {0x3006, 0xc3},
 257            {0x4713, 0x03},
 258            {0x4407, 0x04},
 259            {0x460b, 0x37},
 260            {0x460c, 0x20},
 261            {0x4837, 0x16},
 262            {0x3824, 0x04},
 263            {0x5001, 0x83},
 264            {0x3505, 0x00},
 265            //
 266            {0x3018, 0xff}
 267          };


MODULE INFORMATION:   STATIC OVERLAYABLE
   CODE SIZE        =   ----    ----
   CONSTANT SIZE    =   1000    ----
   XDATA SIZE       =   ----    ----
   PDATA SIZE       =   ----    ----
   DATA SIZE        =   ----    ----
   IDATA SIZE       =   ----    ----
   BIT SIZE         =   ----    ----
END OF MODULE INFORMATION.


C51 COMPILATION COMPLETE.  0 WARNING(S),  0 ERROR(S)
