C51 COMPILER V9.51   SPI0                                                                  12/26/2016 20:53:57 PAGE 1   


C51 COMPILER V9.51, COMPILATION OF MODULE SPI0
OBJECT MODULE PLACED IN ..\outputs\SPI0.obj
COMPILER INVOKED BY: d:\Keil\C51\BIN\C51.EXE ..\lib\SPI0.c BROWSE INCDIR(..\inc) DEBUG OBJECTEXTEND PRINT(.\SPI0.lst) TA
                    -BS(2) OBJECT(..\outputs\SPI0.obj)

line level    source

   1          #include <compiler_defs.h>
   2          #include <C8051F410_defs.h>                // SFR declarations
   3          #include <SPI0.h>
   4          
   5          SBIT (SCK, SFR_P1, 0);
   6          SBIT (MISO, SFR_P1, 1);
   7          SBIT (MOSI, SFR_P1, 2);
   8          SBIT (NSS, SFR_P1, 3);
   9          
  10          void SPI0_2BYTE_WRITE(U8 spi_addr, U8 spi_dat)
  11          {
  12   1          U8 i;
  13   1          NSS = 0;
  14   1          SCK = 0;
  15   1          NOP();
  16   1          NOP();
  17   1          NOP();
  18   1          NOP();
  19   1          NOP();
  20   1          for(i = 0; i < 8; i++)
  21   1          {
  22   2              if(spi_addr & 0x80)
  23   2              {
  24   3                  MOSI = 1;
  25   3              }
  26   2              else
  27   2                MOSI = 0;
  28   2              spi_addr = spi_addr << 1;
  29   2              SCK = 1;
  30   2              NOP();
  31   2              NOP();
  32   2              NOP();
  33   2              NOP();
  34   2              NOP();
  35   2              SCK = 0;
  36   2              NOP();
  37   2              NOP();
  38   2              NOP();
  39   2              NOP();
  40   2              NOP();
  41   2          }
  42   1          for(i = 0; i < 8; i++)
  43   1          {
  44   2              if(spi_dat & 0x80)
  45   2              {
  46   3                  MOSI = 1;
  47   3              }
  48   2              else
  49   2                MOSI = 0;
  50   2              spi_dat = spi_dat << 1;
  51   2              SCK = 1;
  52   2              NOP();
  53   2              NOP();
  54   2              NOP();
C51 COMPILER V9.51   SPI0                                                                  12/26/2016 20:53:57 PAGE 2   

  55   2              NOP();
  56   2              NOP();
  57   2              SCK = 0;
  58   2              NOP();
  59   2              NOP();
  60   2              NOP();
  61   2              NOP();
  62   2              NOP();
  63   2          }
  64   1          NSS = 1;  
  65   1      }


MODULE INFORMATION:   STATIC OVERLAYABLE
   CODE SIZE        =     80    ----
   CONSTANT SIZE    =   ----    ----
   XDATA SIZE       =   ----    ----
   PDATA SIZE       =   ----    ----
   DATA SIZE        =   ----    ----
   IDATA SIZE       =   ----    ----
   BIT SIZE         =   ----    ----
END OF MODULE INFORMATION.


C51 COMPILATION COMPLETE.  0 WARNING(S),  0 ERROR(S)
